2018-10-23 22:33:32 Error: [MissingActionException] Action UsersController::login() could not be found.
Exception Attributes: array (
  'controller' => 'UsersController',
  'action' => 'login',
)
Request URL: /Advisory/users/login
Stack Trace:
#0 /var/www/html/Advisory/Vendor/cakephp/cakephp/lib/Cake/Routing/Dispatcher.php(193): Controller->invokeAction(Object(CakeRequest))
#1 /var/www/html/Advisory/Vendor/cakephp/cakephp/lib/Cake/Routing/Dispatcher.php(167): Dispatcher->_invoke(Object(UsersController), Object(CakeRequest))
#2 /var/www/html/Advisory/webroot/index.php(111): Dispatcher->dispatch(Object(CakeRequest), Object(CakeResponse))
#3 {main}
2018-10-23 22:33:45 Error: [MissingActionException] Action UsersController::css() could not be found.
Exception Attributes: array (
  'controller' => 'UsersController',
  'action' => 'css',
)
Request URL: /Advisory/users/css/bootstrap.css
Stack Trace:
#0 /var/www/html/Advisory/Vendor/cakephp/cakephp/lib/Cake/Routing/Dispatcher.php(193): Controller->invokeAction(Object(CakeRequest))
#1 /var/www/html/Advisory/Vendor/cakephp/cakephp/lib/Cake/Routing/Dispatcher.php(167): Dispatcher->_invoke(Object(UsersController), Object(CakeRequest))
#2 /var/www/html/Advisory/webroot/index.php(111): Dispatcher->dispatch(Object(CakeRequest), Object(CakeResponse))
#3 {main}
2018-10-23 22:33:46 Error: [MissingActionException] Action UsersController::css() could not be found.
Exception Attributes: array (
  'controller' => 'UsersController',
  'action' => 'css',
)
Request URL: /Advisory/users/css/animate.css
Stack Trace:
#0 /var/www/html/Advisory/Vendor/cakephp/cakephp/lib/Cake/Routing/Dispatcher.php(193): Controller->invokeAction(Object(CakeRequest))
#1 /var/www/html/Advisory/Vendor/cakephp/cakephp/lib/Cake/Routing/Dispatcher.php(167): Dispatcher->_invoke(Object(UsersController), Object(CakeRequest))
#2 /var/www/html/Advisory/webroot/index.php(111): Dispatcher->dispatch(Object(CakeRequest), Object(CakeResponse))
#3 {main}
2018-10-23 22:33:46 Error: [MissingActionException] Action UsersController::css() could not be found.
Exception Attributes: array (
  'controller' => 'UsersController',
  'action' => 'css',
)
Request URL: /Advisory/users/css/font-awesome.min.css
Stack Trace:
#0 /var/www/html/Advisory/Vendor/cakephp/cakephp/lib/Cake/Routing/Dispatcher.php(193): Controller->invokeAction(Object(CakeRequest))
#1 /var/www/html/Advisory/Vendor/cakephp/cakephp/lib/Cake/Routing/Dispatcher.php(167): Dispatcher->_invoke(Object(UsersController), Object(CakeRequest))
#2 /var/www/html/Advisory/webroot/index.php(111): Dispatcher->dispatch(Object(CakeRequest), Object(CakeResponse))
#3 {main}
2018-10-23 22:33:46 Error: [MissingActionException] Action UsersController::css() could not be found.
Exception Attributes: array (
  'controller' => 'UsersController',
  'action' => 'css',
)
Request URL: /Advisory/users/css/font.css
Stack Trace:
#0 /var/www/html/Advisory/Vendor/cakephp/cakephp/lib/Cake/Routing/Dispatcher.php(193): Controller->invokeAction(Object(CakeRequest))
#1 /var/www/html/Advisory/Vendor/cakephp/cakephp/lib/Cake/Routing/Dispatcher.php(167): Dispatcher->_invoke(Object(UsersController), Object(CakeRequest))
#2 /var/www/html/Advisory/webroot/index.php(111): Dispatcher->dispatch(Object(CakeRequest), Object(CakeResponse))
#3 {main}
2018-10-23 22:33:46 Error: [MissingActionException] Action UsersController::js() could not be found.
Exception Attributes: array (
  'controller' => 'UsersController',
  'action' => 'js',
)
Request URL: /Advisory/users/js/jquery.min.js
Stack Trace:
#0 /var/www/html/Advisory/Vendor/cakephp/cakephp/lib/Cake/Routing/Dispatcher.php(193): Controller->invokeAction(Object(CakeRequest))
#1 /var/www/html/Advisory/Vendor/cakephp/cakephp/lib/Cake/Routing/Dispatcher.php(167): Dispatcher->_invoke(Object(UsersController), Object(CakeRequest))
#2 /var/www/html/Advisory/webroot/index.php(111): Dispatcher->dispatch(Object(CakeRequest), Object(CakeResponse))
#3 {main}
2018-10-23 22:33:46 Error: [MissingActionException] Action UsersController::css() could not be found.
Exception Attributes: array (
  'controller' => 'UsersController',
  'action' => 'css',
)
Request URL: /Advisory/users/css/app.css
Stack Trace:
#0 /var/www/html/Advisory/Vendor/cakephp/cakephp/lib/Cake/Routing/Dispatcher.php(193): Controller->invokeAction(Object(CakeRequest))
#1 /var/www/html/Advisory/Vendor/cakephp/cakephp/lib/Cake/Routing/Dispatcher.php(167): Dispatcher->_invoke(Object(UsersController), Object(CakeRequest))
#2 /var/www/html/Advisory/webroot/index.php(111): Dispatcher->dispatch(Object(CakeRequest), Object(CakeResponse))
#3 {main}
2018-10-23 22:33:46 Error: [MissingActionException] Action UsersController::js() could not be found.
Exception Attributes: array (
  'controller' => 'UsersController',
  'action' => 'js',
)
Request URL: /Advisory/users/js/slimscroll/jquery.slimscroll.min.js
Stack Trace:
#0 /var/www/html/Advisory/Vendor/cakephp/cakephp/lib/Cake/Routing/Dispatcher.php(193): Controller->invokeAction(Object(CakeRequest))
#1 /var/www/html/Advisory/Vendor/cakephp/cakephp/lib/Cake/Routing/Dispatcher.php(167): Dispatcher->_invoke(Object(UsersController), Object(CakeRequest))
#2 /var/www/html/Advisory/webroot/index.php(111): Dispatcher->dispatch(Object(CakeRequest), Object(CakeResponse))
#3 {main}
2018-10-23 22:33:46 Error: [MissingActionException] Action UsersController::js() could not be found.
Exception Attributes: array (
  'controller' => 'UsersController',
  'action' => 'js',
)
Request URL: /Advisory/users/js/bootstrap.js
Stack Trace:
#0 /var/www/html/Advisory/Vendor/cakephp/cakephp/lib/Cake/Routing/Dispatcher.php(193): Controller->invokeAction(Object(CakeRequest))
#1 /var/www/html/Advisory/Vendor/cakephp/cakephp/lib/Cake/Routing/Dispatcher.php(167): Dispatcher->_invoke(Object(UsersController), Object(CakeRequest))
#2 /var/www/html/Advisory/webroot/index.php(111): Dispatcher->dispatch(Object(CakeRequest), Object(CakeResponse))
#3 {main}
2018-10-23 22:33:46 Error: [MissingActionException] Action UsersController::js() could not be found.
Exception Attributes: array (
  'controller' => 'UsersController',
  'action' => 'js',
)
Request URL: /Advisory/users/js/jquery.min.js
Stack Trace:
#0 /var/www/html/Advisory/Vendor/cakephp/cakephp/lib/Cake/Routing/Dispatcher.php(193): Controller->invokeAction(Object(CakeRequest))
#1 /var/www/html/Advisory/Vendor/cakephp/cakephp/lib/Cake/Routing/Dispatcher.php(167): Dispatcher->_invoke(Object(UsersController), Object(CakeRequest))
#2 /var/www/html/Advisory/webroot/index.php(111): Dispatcher->dispatch(Object(CakeRequest), Object(CakeResponse))
#3 {main}
2018-10-23 22:33:46 Error: [MissingActionException] Action UsersController::js() could not be found.
Exception Attributes: array (
  'controller' => 'UsersController',
  'action' => 'js',
)
Request URL: /Advisory/users/js/app.js
Stack Trace:
#0 /var/www/html/Advisory/Vendor/cakephp/cakephp/lib/Cake/Routing/Dispatcher.php(193): Controller->invokeAction(Object(CakeRequest))
#1 /var/www/html/Advisory/Vendor/cakephp/cakephp/lib/Cake/Routing/Dispatcher.php(167): Dispatcher->_invoke(Object(UsersController), Object(CakeRequest))
#2 /var/www/html/Advisory/webroot/index.php(111): Dispatcher->dispatch(Object(CakeRequest), Object(CakeResponse))
#3 {main}
2018-10-23 22:33:46 Error: [MissingActionException] Action UsersController::js() could not be found.
Exception Attributes: array (
  'controller' => 'UsersController',
  'action' => 'js',
)
Request URL: /Advisory/users/js/app.plugin.js
Stack Trace:
#0 /var/www/html/Advisory/Vendor/cakephp/cakephp/lib/Cake/Routing/Dispatcher.php(193): Controller->invokeAction(Object(CakeRequest))
#1 /var/www/html/Advisory/Vendor/cakephp/cakephp/lib/Cake/Routing/Dispatcher.php(167): Dispatcher->_invoke(Object(UsersController), Object(CakeRequest))
#2 /var/www/html/Advisory/webroot/index.php(111): Dispatcher->dispatch(Object(CakeRequest), Object(CakeResponse))
#3 {main}
2018-10-23 22:33:46 Error: [MissingActionException] Action UsersController::js() could not be found.
Exception Attributes: array (
  'controller' => 'UsersController',
  'action' => 'js',
)
Request URL: /Advisory/users/js/bootstrap.js
Stack Trace:
#0 /var/www/html/Advisory/Vendor/cakephp/cakephp/lib/Cake/Routing/Dispatcher.php(193): Controller->invokeAction(Object(CakeRequest))
#1 /var/www/html/Advisory/Vendor/cakephp/cakephp/lib/Cake/Routing/Dispatcher.php(167): Dispatcher->_invoke(Object(UsersController), Object(CakeRequest))
#2 /var/www/html/Advisory/webroot/index.php(111): Dispatcher->dispatch(Object(CakeRequest), Object(CakeResponse))
#3 {main}
2018-10-23 22:33:46 Error: [MissingActionException] Action UsersController::js() could not be found.
Exception Attributes: array (
  'controller' => 'UsersController',
  'action' => 'js',
)
Request URL: /Advisory/users/js/app.js
Stack Trace:
#0 /var/www/html/Advisory/Vendor/cakephp/cakephp/lib/Cake/Routing/Dispatcher.php(193): Controller->invokeAction(Object(CakeRequest))
#1 /var/www/html/Advisory/Vendor/cakephp/cakephp/lib/Cake/Routing/Dispatcher.php(167): Dispatcher->_invoke(Object(UsersController), Object(CakeRequest))
#2 /var/www/html/Advisory/webroot/index.php(111): Dispatcher->dispatch(Object(CakeRequest), Object(CakeResponse))
#3 {main}
2018-10-23 22:33:46 Error: [MissingActionException] Action UsersController::js() could not be found.
Exception Attributes: array (
  'controller' => 'UsersController',
  'action' => 'js',
)
Request URL: /Advisory/users/js/app.plugin.js
Stack Trace:
#0 /var/www/html/Advisory/Vendor/cakephp/cakephp/lib/Cake/Routing/Dispatcher.php(193): Controller->invokeAction(Object(CakeRequest))
#1 /var/www/html/Advisory/Vendor/cakephp/cakephp/lib/Cake/Routing/Dispatcher.php(167): Dispatcher->_invoke(Object(UsersController), Object(CakeRequest))
#2 /var/www/html/Advisory/webroot/index.php(111): Dispatcher->dispatch(Object(CakeRequest), Object(CakeResponse))
#3 {main}
2018-10-23 22:33:46 Error: [MissingActionException] Action UsersController::js() could not be found.
Exception Attributes: array (
  'controller' => 'UsersController',
  'action' => 'js',
)
Request URL: /Advisory/users/js/slimscroll/jquery.slimscroll.min.js
Stack Trace:
#0 /var/www/html/Advisory/Vendor/cakephp/cakephp/lib/Cake/Routing/Dispatcher.php(193): Controller->invokeAction(Object(CakeRequest))
#1 /var/www/html/Advisory/Vendor/cakephp/cakephp/lib/Cake/Routing/Dispatcher.php(167): Dispatcher->_invoke(Object(UsersController), Object(CakeRequest))
#2 /var/www/html/Advisory/webroot/index.php(111): Dispatcher->dispatch(Object(CakeRequest), Object(CakeResponse))
#3 {main}
2018-10-23 22:34:07 Error: [MissingActionException] Action UsersController::css() could not be found.
Exception Attributes: array (
  'controller' => 'UsersController',
  'action' => 'css',
)
Request URL: /Advisory/users/css/animate.css
Stack Trace:
#0 /var/www/html/Advisory/Vendor/cakephp/cakephp/lib/Cake/Routing/Dispatcher.php(193): Controller->invokeAction(Object(CakeRequest))
#1 /var/www/html/Advisory/Vendor/cakephp/cakephp/lib/Cake/Routing/Dispatcher.php(167): Dispatcher->_invoke(Object(UsersController), Object(CakeRequest))
#2 /var/www/html/Advisory/webroot/index.php(111): Dispatcher->dispatch(Object(CakeRequest), Object(CakeResponse))
#3 {main}
2018-10-23 22:34:07 Error: [MissingActionException] Action UsersController::css() could not be found.
Exception Attributes: array (
  'controller' => 'UsersController',
  'action' => 'css',
)
Request URL: /Advisory/users/css/font-awesome.min.css
Stack Trace:
#0 /var/www/html/Advisory/Vendor/cakephp/cakephp/lib/Cake/Routing/Dispatcher.php(193): Controller->invokeAction(Object(CakeRequest))
#1 /var/www/html/Advisory/Vendor/cakephp/cakephp/lib/Cake/Routing/Dispatcher.php(167): Dispatcher->_invoke(Object(UsersController), Object(CakeRequest))
#2 /var/www/html/Advisory/webroot/index.php(111): Dispatcher->dispatch(Object(CakeRequest), Object(CakeResponse))
#3 {main}
2018-10-23 22:34:07 Error: [MissingActionException] Action UsersController::css() could not be found.
Exception Attributes: array (
  'controller' => 'UsersController',
  'action' => 'css',
)
Request URL: /Advisory/users/css/bootstrap.css
Stack Trace:
#0 /var/www/html/Advisory/Vendor/cakephp/cakephp/lib/Cake/Routing/Dispatcher.php(193): Controller->invokeAction(Object(CakeRequest))
#1 /var/www/html/Advisory/Vendor/cakephp/cakephp/lib/Cake/Routing/Dispatcher.php(167): Dispatcher->_invoke(Object(UsersController), Object(CakeRequest))
#2 /var/www/html/Advisory/webroot/index.php(111): Dispatcher->dispatch(Object(CakeRequest), Object(CakeResponse))
#3 {main}
2018-10-23 22:34:07 Error: [MissingActionException] Action UsersController::js() could not be found.
Exception Attributes: array (
  'controller' => 'UsersController',
  'action' => 'js',
)
Request URL: /Advisory/users/js/bootstrap.js
Stack Trace:
#0 /var/www/html/Advisory/Vendor/cakephp/cakephp/lib/Cake/Routing/Dispatcher.php(193): Controller->invokeAction(Object(CakeRequest))
#1 /var/www/html/Advisory/Vendor/cakephp/cakephp/lib/Cake/Routing/Dispatcher.php(167): Dispatcher->_invoke(Object(UsersController), Object(CakeRequest))
#2 /var/www/html/Advisory/webroot/index.php(111): Dispatcher->dispatch(Object(CakeRequest), Object(CakeResponse))
#3 {main}
2018-10-23 22:34:07 Error: [MissingActionException] Action UsersController::css() could not be found.
Exception Attributes: array (
  'controller' => 'UsersController',
  'action' => 'css',
)
Request URL: /Advisory/users/css/app.css
Stack Trace:
#0 /var/www/html/Advisory/Vendor/cakephp/cakephp/lib/Cake/Routing/Dispatcher.php(193): Controller->invokeAction(Object(CakeRequest))
#1 /var/www/html/Advisory/Vendor/cakephp/cakephp/lib/Cake/Routing/Dispatcher.php(167): Dispatcher->_invoke(Object(UsersController), Object(CakeRequest))
#2 /var/www/html/Advisory/webroot/index.php(111): Dispatcher->dispatch(Object(CakeRequest), Object(CakeResponse))
#3 {main}
2018-10-23 22:34:07 Error: [MissingActionException] Action UsersController::css() could not be found.
Exception Attributes: array (
  'controller' => 'UsersController',
  'action' => 'css',
)
Request URL: /Advisory/users/css/font.css
Stack Trace:
#0 /var/www/html/Advisory/Vendor/cakephp/cakephp/lib/Cake/Routing/Dispatcher.php(193): Controller->invokeAction(Object(CakeRequest))
#1 /var/www/html/Advisory/Vendor/cakephp/cakephp/lib/Cake/Routing/Dispatcher.php(167): Dispatcher->_invoke(Object(UsersController), Object(CakeRequest))
#2 /var/www/html/Advisory/webroot/index.php(111): Dispatcher->dispatch(Object(CakeRequest), Object(CakeResponse))
#3 {main}
2018-10-23 22:34:07 Error: [MissingActionException] Action UsersController::js() could not be found.
Exception Attributes: array (
  'controller' => 'UsersController',
  'action' => 'js',
)
Request URL: /Advisory/users/js/app.js
Stack Trace:
#0 /var/www/html/Advisory/Vendor/cakephp/cakephp/lib/Cake/Routing/Dispatcher.php(193): Controller->invokeAction(Object(CakeRequest))
#1 /var/www/html/Advisory/Vendor/cakephp/cakephp/lib/Cake/Routing/Dispatcher.php(167): Dispatcher->_invoke(Object(UsersController), Object(CakeRequest))
#2 /var/www/html/Advisory/webroot/index.php(111): Dispatcher->dispatch(Object(CakeRequest), Object(CakeResponse))
#3 {main}
2018-10-23 22:34:07 Error: [MissingActionException] Action UsersController::js() could not be found.
Exception Attributes: array (
  'controller' => 'UsersController',
  'action' => 'js',
)
Request URL: /Advisory/users/js/slimscroll/jquery.slimscroll.min.js
Stack Trace:
#0 /var/www/html/Advisory/Vendor/cakephp/cakephp/lib/Cake/Routing/Dispatcher.php(193): Controller->invokeAction(Object(CakeRequest))
#1 /var/www/html/Advisory/Vendor/cakephp/cakephp/lib/Cake/Routing/Dispatcher.php(167): Dispatcher->_invoke(Object(UsersController), Object(CakeRequest))
#2 /var/www/html/Advisory/webroot/index.php(111): Dispatcher->dispatch(Object(CakeRequest), Object(CakeResponse))
#3 {main}
2018-10-23 22:34:07 Error: [MissingActionException] Action UsersController::js() could not be found.
Exception Attributes: array (
  'controller' => 'UsersController',
  'action' => 'js',
)
Request URL: /Advisory/users/js/app.plugin.js
Stack Trace:
#0 /var/www/html/Advisory/Vendor/cakephp/cakephp/lib/Cake/Routing/Dispatcher.php(193): Controller->invokeAction(Object(CakeRequest))
#1 /var/www/html/Advisory/Vendor/cakephp/cakephp/lib/Cake/Routing/Dispatcher.php(167): Dispatcher->_invoke(Object(UsersController), Object(CakeRequest))
#2 /var/www/html/Advisory/webroot/index.php(111): Dispatcher->dispatch(Object(CakeRequest), Object(CakeResponse))
#3 {main}
2018-10-23 22:34:07 Error: [MissingActionException] Action UsersController::js() could not be found.
Exception Attributes: array (
  'controller' => 'UsersController',
  'action' => 'js',
)
Request URL: /Advisory/users/js/jquery.min.js
Stack Trace:
#0 /var/www/html/Advisory/Vendor/cakephp/cakephp/lib/Cake/Routing/Dispatcher.php(193): Controller->invokeAction(Object(CakeRequest))
#1 /var/www/html/Advisory/Vendor/cakephp/cakephp/lib/Cake/Routing/Dispatcher.php(167): Dispatcher->_invoke(Object(UsersController), Object(CakeRequest))
#2 /var/www/html/Advisory/webroot/index.php(111): Dispatcher->dispatch(Object(CakeRequest), Object(CakeResponse))
#3 {main}
2018-10-23 22:34:07 Error: [MissingActionException] Action UsersController::css() could not be found.
Exception Attributes: array (
  'controller' => 'UsersController',
  'action' => 'css',
)
Request URL: /Advisory/users/css/animate.css
Stack Trace:
#0 /var/www/html/Advisory/Vendor/cakephp/cakephp/lib/Cake/Routing/Dispatcher.php(193): Controller->invokeAction(Object(CakeRequest))
#1 /var/www/html/Advisory/Vendor/cakephp/cakephp/lib/Cake/Routing/Dispatcher.php(167): Dispatcher->_invoke(Object(UsersController), Object(CakeRequest))
#2 /var/www/html/Advisory/webroot/index.php(111): Dispatcher->dispatch(Object(CakeRequest), Object(CakeResponse))
#3 {main}
2018-10-23 22:34:07 Error: [MissingActionException] Action UsersController::css() could not be found.
Exception Attributes: array (
  'controller' => 'UsersController',
  'action' => 'css',
)
Request URL: /Advisory/users/css/font-awesome.min.css
Stack Trace:
#0 /var/www/html/Advisory/Vendor/cakephp/cakephp/lib/Cake/Routing/Dispatcher.php(193): Controller->invokeAction(Object(CakeRequest))
#1 /var/www/html/Advisory/Vendor/cakephp/cakephp/lib/Cake/Routing/Dispatcher.php(167): Dispatcher->_invoke(Object(UsersController), Object(CakeRequest))
#2 /var/www/html/Advisory/webroot/index.php(111): Dispatcher->dispatch(Object(CakeRequest), Object(CakeResponse))
#3 {main}
2018-10-23 22:34:07 Error: [MissingActionException] Action UsersController::css() could not be found.
Exception Attributes: array (
  'controller' => 'UsersController',
  'action' => 'css',
)
Request URL: /Advisory/users/css/font.css
Stack Trace:
#0 /var/www/html/Advisory/Vendor/cakephp/cakephp/lib/Cake/Routing/Dispatcher.php(193): Controller->invokeAction(Object(CakeRequest))
#1 /var/www/html/Advisory/Vendor/cakephp/cakephp/lib/Cake/Routing/Dispatcher.php(167): Dispatcher->_invoke(Object(UsersController), Object(CakeRequest))
#2 /var/www/html/Advisory/webroot/index.php(111): Dispatcher->dispatch(Object(CakeRequest), Object(CakeResponse))
#3 {main}
2018-10-23 22:34:07 Error: [MissingActionException] Action UsersController::css() could not be found.
Exception Attributes: array (
  'controller' => 'UsersController',
  'action' => 'css',
)
Request URL: /Advisory/users/css/app.css
Stack Trace:
#0 /var/www/html/Advisory/Vendor/cakephp/cakephp/lib/Cake/Routing/Dispatcher.php(193): Controller->invokeAction(Object(CakeRequest))
#1 /var/www/html/Advisory/Vendor/cakephp/cakephp/lib/Cake/Routing/Dispatcher.php(167): Dispatcher->_invoke(Object(UsersController), Object(CakeRequest))
#2 /var/www/html/Advisory/webroot/index.php(111): Dispatcher->dispatch(Object(CakeRequest), Object(CakeResponse))
#3 {main}
2018-10-23 22:34:07 Error: [MissingActionException] Action UsersController::js() could not be found.
Exception Attributes: array (
  'controller' => 'UsersController',
  'action' => 'js',
)
Request URL: /Advisory/users/js/jquery.min.js
Stack Trace:
#0 /var/www/html/Advisory/Vendor/cakephp/cakephp/lib/Cake/Routing/Dispatcher.php(193): Controller->invokeAction(Object(CakeRequest))
#1 /var/www/html/Advisory/Vendor/cakephp/cakephp/lib/Cake/Routing/Dispatcher.php(167): Dispatcher->_invoke(Object(UsersController), Object(CakeRequest))
#2 /var/www/html/Advisory/webroot/index.php(111): Dispatcher->dispatch(Object(CakeRequest), Object(CakeResponse))
#3 {main}
2018-10-23 22:34:07 Error: [MissingActionException] Action UsersController::js() could not be found.
Exception Attributes: array (
  'controller' => 'UsersController',
  'action' => 'js',
)
Request URL: /Advisory/users/js/bootstrap.js
Stack Trace:
#0 /var/www/html/Advisory/Vendor/cakephp/cakephp/lib/Cake/Routing/Dispatcher.php(193): Controller->invokeAction(Object(CakeRequest))
#1 /var/www/html/Advisory/Vendor/cakephp/cakephp/lib/Cake/Routing/Dispatcher.php(167): Dispatcher->_invoke(Object(UsersController), Object(CakeRequest))
#2 /var/www/html/Advisory/webroot/index.php(111): Dispatcher->dispatch(Object(CakeRequest), Object(CakeResponse))
#3 {main}
2018-10-23 22:34:07 Error: [MissingActionException] Action UsersController::js() could not be found.
Exception Attributes: array (
  'controller' => 'UsersController',
  'action' => 'js',
)
Request URL: /Advisory/users/js/app.js
Stack Trace:
#0 /var/www/html/Advisory/Vendor/cakephp/cakephp/lib/Cake/Routing/Dispatcher.php(193): Controller->invokeAction(Object(CakeRequest))
#1 /var/www/html/Advisory/Vendor/cakephp/cakephp/lib/Cake/Routing/Dispatcher.php(167): Dispatcher->_invoke(Object(UsersController), Object(CakeRequest))
#2 /var/www/html/Advisory/webroot/index.php(111): Dispatcher->dispatch(Object(CakeRequest), Object(CakeResponse))
#3 {main}
2018-10-23 22:34:07 Error: [MissingActionException] Action UsersController::js() could not be found.
Exception Attributes: array (
  'controller' => 'UsersController',
  'action' => 'js',
)
Request URL: /Advisory/users/js/app.plugin.js
Stack Trace:
#0 /var/www/html/Advisory/Vendor/cakephp/cakephp/lib/Cake/Routing/Dispatcher.php(193): Controller->invokeAction(Object(CakeRequest))
#1 /var/www/html/Advisory/Vendor/cakephp/cakephp/lib/Cake/Routing/Dispatcher.php(167): Dispatcher->_invoke(Object(UsersController), Object(CakeRequest))
#2 /var/www/html/Advisory/webroot/index.php(111): Dispatcher->dispatch(Object(CakeRequest), Object(CakeResponse))
#3 {main}
2018-10-23 22:34:07 Error: [MissingActionException] Action UsersController::js() could not be found.
Exception Attributes: array (
  'controller' => 'UsersController',
  'action' => 'js',
)
Request URL: /Advisory/users/js/slimscroll/jquery.slimscroll.min.js
Stack Trace:
#0 /var/www/html/Advisory/Vendor/cakephp/cakephp/lib/Cake/Routing/Dispatcher.php(193): Controller->invokeAction(Object(CakeRequest))
#1 /var/www/html/Advisory/Vendor/cakephp/cakephp/lib/Cake/Routing/Dispatcher.php(167): Dispatcher->_invoke(Object(UsersController), Object(CakeRequest))
#2 /var/www/html/Advisory/webroot/index.php(111): Dispatcher->dispatch(Object(CakeRequest), Object(CakeResponse))
#3 {main}
2018-10-23 22:36:44 Error: [MissingActionException] Action UsersController::css() could not be found.
Exception Attributes: array (
  'controller' => 'UsersController',
  'action' => 'css',
)
Request URL: /Advisory/users/css/bootstrap.css
Stack Trace:
#0 /var/www/html/Advisory/Vendor/cakephp/cakephp/lib/Cake/Routing/Dispatcher.php(193): Controller->invokeAction(Object(CakeRequest))
#1 /var/www/html/Advisory/Vendor/cakephp/cakephp/lib/Cake/Routing/Dispatcher.php(167): Dispatcher->_invoke(Object(UsersController), Object(CakeRequest))
#2 /var/www/html/Advisory/webroot/index.php(111): Dispatcher->dispatch(Object(CakeRequest), Object(CakeResponse))
#3 {main}
2018-10-23 22:36:44 Error: [MissingActionException] Action UsersController::css() could not be found.
Exception Attributes: array (
  'controller' => 'UsersController',
  'action' => 'css',
)
Request URL: /Advisory/users/css/font-awesome.min.css
Stack Trace:
#0 /var/www/html/Advisory/Vendor/cakephp/cakephp/lib/Cake/Routing/Dispatcher.php(193): Controller->invokeAction(Object(CakeRequest))
#1 /var/www/html/Advisory/Vendor/cakephp/cakephp/lib/Cake/Routing/Dispatcher.php(167): Dispatcher->_invoke(Object(UsersController), Object(CakeRequest))
#2 /var/www/html/Advisory/webroot/index.php(111): Dispatcher->dispatch(Object(CakeRequest), Object(CakeResponse))
#3 {main}
2018-10-23 22:36:44 Error: [MissingActionException] Action UsersController::css() could not be found.
Exception Attributes: array (
  'controller' => 'UsersController',
  'action' => 'css',
)
Request URL: /Advisory/users/css/font.css
Stack Trace:
#0 /var/www/html/Advisory/Vendor/cakephp/cakephp/lib/Cake/Routing/Dispatcher.php(193): Controller->invokeAction(Object(CakeRequest))
#1 /var/www/html/Advisory/Vendor/cakephp/cakephp/lib/Cake/Routing/Dispatcher.php(167): Dispatcher->_invoke(Object(UsersController), Object(CakeRequest))
#2 /var/www/html/Advisory/webroot/index.php(111): Dispatcher->dispatch(Object(CakeRequest), Object(CakeResponse))
#3 {main}
2018-10-23 22:36:44 Error: [MissingActionException] Action UsersController::css() could not be found.
Exception Attributes: array (
  'controller' => 'UsersController',
  'action' => 'css',
)
Request URL: /Advisory/users/css/app.css
Stack Trace:
#0 /var/www/html/Advisory/Vendor/cakephp/cakephp/lib/Cake/Routing/Dispatcher.php(193): Controller->invokeAction(Object(CakeRequest))
#1 /var/www/html/Advisory/Vendor/cakephp/cakephp/lib/Cake/Routing/Dispatcher.php(167): Dispatcher->_invoke(Object(UsersController), Object(CakeRequest))
#2 /var/www/html/Advisory/webroot/index.php(111): Dispatcher->dispatch(Object(CakeRequest), Object(CakeResponse))
#3 {main}
2018-10-23 22:36:44 Error: [MissingActionException] Action UsersController::js() could not be found.
Exception Attributes: array (
  'controller' => 'UsersController',
  'action' => 'js',
)
Request URL: /Advisory/users/js/bootstrap.js
Stack Trace:
#0 /var/www/html/Advisory/Vendor/cakephp/cakephp/lib/Cake/Routing/Dispatcher.php(193): Controller->invokeAction(Object(CakeRequest))
#1 /var/www/html/Advisory/Vendor/cakephp/cakephp/lib/Cake/Routing/Dispatcher.php(167): Dispatcher->_invoke(Object(UsersController), Object(CakeRequest))
#2 /var/www/html/Advisory/webroot/index.php(111): Dispatcher->dispatch(Object(CakeRequest), Object(CakeResponse))
#3 {main}
2018-10-23 22:36:44 Error: [MissingActionException] Action UsersController::js() could not be found.
Exception Attributes: array (
  'controller' => 'UsersController',
  'action' => 'js',
)
Request URL: /Advisory/users/js/app.plugin.js
Stack Trace:
#0 /var/www/html/Advisory/Vendor/cakephp/cakephp/lib/Cake/Routing/Dispatcher.php(193): Controller->invokeAction(Object(CakeRequest))
#1 /var/www/html/Advisory/Vendor/cakephp/cakephp/lib/Cake/Routing/Dispatcher.php(167): Dispatcher->_invoke(Object(UsersController), Object(CakeRequest))
#2 /var/www/html/Advisory/webroot/index.php(111): Dispatcher->dispatch(Object(CakeRequest), Object(CakeResponse))
#3 {main}
2018-10-23 22:36:44 Error: [MissingActionException] Action UsersController::js() could not be found.
Exception Attributes: array (
  'controller' => 'UsersController',
  'action' => 'js',
)
Request URL: /Advisory/users/js/slimscroll/jquery.slimscroll.min.js
Stack Trace:
#0 /var/www/html/Advisory/Vendor/cakephp/cakephp/lib/Cake/Routing/Dispatcher.php(193): Controller->invokeAction(Object(CakeRequest))
#1 /var/www/html/Advisory/Vendor/cakephp/cakephp/lib/Cake/Routing/Dispatcher.php(167): Dispatcher->_invoke(Object(UsersController), Object(CakeRequest))
#2 /var/www/html/Advisory/webroot/index.php(111): Dispatcher->dispatch(Object(CakeRequest), Object(CakeResponse))
#3 {main}
2018-10-23 22:36:44 Error: [MissingActionException] Action UsersController::js() could not be found.
Exception Attributes: array (
  'controller' => 'UsersController',
  'action' => 'js',
)
Request URL: /Advisory/users/js/app.js
Stack Trace:
#0 /var/www/html/Advisory/Vendor/cakephp/cakephp/lib/Cake/Routing/Dispatcher.php(193): Controller->invokeAction(Object(CakeRequest))
#1 /var/www/html/Advisory/Vendor/cakephp/cakephp/lib/Cake/Routing/Dispatcher.php(167): Dispatcher->_invoke(Object(UsersController), Object(CakeRequest))
#2 /var/www/html/Advisory/webroot/index.php(111): Dispatcher->dispatch(Object(CakeRequest), Object(CakeResponse))
#3 {main}
2018-10-23 22:36:44 Error: [MissingActionException] Action UsersController::css() could not be found.
Exception Attributes: array (
  'controller' => 'UsersController',
  'action' => 'css',
)
Request URL: /Advisory/users/css/animate.css
Stack Trace:
#0 /var/www/html/Advisory/Vendor/cakephp/cakephp/lib/Cake/Routing/Dispatcher.php(193): Controller->invokeAction(Object(CakeRequest))
#1 /var/www/html/Advisory/Vendor/cakephp/cakephp/lib/Cake/Routing/Dispatcher.php(167): Dispatcher->_invoke(Object(UsersController), Object(CakeRequest))
#2 /var/www/html/Advisory/webroot/index.php(111): Dispatcher->dispatch(Object(CakeRequest), Object(CakeResponse))
#3 {main}
2018-10-23 22:36:44 Error: [MissingActionException] Action UsersController::js() could not be found.
Exception Attributes: array (
  'controller' => 'UsersController',
  'action' => 'js',
)
Request URL: /Advisory/users/js/jquery.min.js
Stack Trace:
#0 /var/www/html/Advisory/Vendor/cakephp/cakephp/lib/Cake/Routing/Dispatcher.php(193): Controller->invokeAction(Object(CakeRequest))
#1 /var/www/html/Advisory/Vendor/cakephp/cakephp/lib/Cake/Routing/Dispatcher.php(167): Dispatcher->_invoke(Object(UsersController), Object(CakeRequest))
#2 /var/www/html/Advisory/webroot/index.php(111): Dispatcher->dispatch(Object(CakeRequest), Object(CakeResponse))
#3 {main}
2018-10-23 22:36:44 Error: [MissingActionException] Action UsersController::css() could not be found.
Exception Attributes: array (
  'controller' => 'UsersController',
  'action' => 'css',
)
Request URL: /Advisory/users/css/font-awesome.min.css
Stack Trace:
#0 /var/www/html/Advisory/Vendor/cakephp/cakephp/lib/Cake/Routing/Dispatcher.php(193): Controller->invokeAction(Object(CakeRequest))
#1 /var/www/html/Advisory/Vendor/cakephp/cakephp/lib/Cake/Routing/Dispatcher.php(167): Dispatcher->_invoke(Object(UsersController), Object(CakeRequest))
#2 /var/www/html/Advisory/webroot/index.php(111): Dispatcher->dispatch(Object(CakeRequest), Object(CakeResponse))
#3 {main}
2018-10-23 22:36:44 Error: [MissingActionException] Action UsersController::css() could not be found.
Exception Attributes: array (
  'controller' => 'UsersController',
  'action' => 'css',
)
Request URL: /Advisory/users/css/font.css
Stack Trace:
#0 /var/www/html/Advisory/Vendor/cakephp/cakephp/lib/Cake/Routing/Dispatcher.php(193): Controller->invokeAction(Object(CakeRequest))
#1 /var/www/html/Advisory/Vendor/cakephp/cakephp/lib/Cake/Routing/Dispatcher.php(167): Dispatcher->_invoke(Object(UsersController), Object(CakeRequest))
#2 /var/www/html/Advisory/webroot/index.php(111): Dispatcher->dispatch(Object(CakeRequest), Object(CakeResponse))
#3 {main}
2018-10-23 22:36:44 Error: [MissingActionException] Action UsersController::css() could not be found.
Exception Attributes: array (
  'controller' => 'UsersController',
  'action' => 'css',
)
Request URL: /Advisory/users/css/app.css
Stack Trace:
#0 /var/www/html/Advisory/Vendor/cakephp/cakephp/lib/Cake/Routing/Dispatcher.php(193): Controller->invokeAction(Object(CakeRequest))
#1 /var/www/html/Advisory/Vendor/cakephp/cakephp/lib/Cake/Routing/Dispatcher.php(167): Dispatcher->_invoke(Object(UsersController), Object(CakeRequest))
#2 /var/www/html/Advisory/webroot/index.php(111): Dispatcher->dispatch(Object(CakeRequest), Object(CakeResponse))
#3 {main}
2018-10-23 22:36:44 Error: [MissingActionException] Action UsersController::js() could not be found.
Exception Attributes: array (
  'controller' => 'UsersController',
  'action' => 'js',
)
Request URL: /Advisory/users/js/jquery.min.js
Stack Trace:
#0 /var/www/html/Advisory/Vendor/cakephp/cakephp/lib/Cake/Routing/Dispatcher.php(193): Controller->invokeAction(Object(CakeRequest))
#1 /var/www/html/Advisory/Vendor/cakephp/cakephp/lib/Cake/Routing/Dispatcher.php(167): Dispatcher->_invoke(Object(UsersController), Object(CakeRequest))
#2 /var/www/html/Advisory/webroot/index.php(111): Dispatcher->dispatch(Object(CakeRequest), Object(CakeResponse))
#3 {main}
2018-10-23 22:36:44 Error: [MissingActionException] Action UsersController::js() could not be found.
Exception Attributes: array (
  'controller' => 'UsersController',
  'action' => 'js',
)
Request URL: /Advisory/users/js/bootstrap.js
Stack Trace:
#0 /var/www/html/Advisory/Vendor/cakephp/cakephp/lib/Cake/Routing/Dispatcher.php(193): Controller->invokeAction(Object(CakeRequest))
#1 /var/www/html/Advisory/Vendor/cakephp/cakephp/lib/Cake/Routing/Dispatcher.php(167): Dispatcher->_invoke(Object(UsersController), Object(CakeRequest))
#2 /var/www/html/Advisory/webroot/index.php(111): Dispatcher->dispatch(Object(CakeRequest), Object(CakeResponse))
#3 {main}
2018-10-23 22:36:44 Error: [MissingActionException] Action UsersController::js() could not be found.
Exception Attributes: array (
  'controller' => 'UsersController',
  'action' => 'js',
)
Request URL: /Advisory/users/js/app.js
Stack Trace:
#0 /var/www/html/Advisory/Vendor/cakephp/cakephp/lib/Cake/Routing/Dispatcher.php(193): Controller->invokeAction(Object(CakeRequest))
#1 /var/www/html/Advisory/Vendor/cakephp/cakephp/lib/Cake/Routing/Dispatcher.php(167): Dispatcher->_invoke(Object(UsersController), Object(CakeRequest))
#2 /var/www/html/Advisory/webroot/index.php(111): Dispatcher->dispatch(Object(CakeRequest), Object(CakeResponse))
#3 {main}
2018-10-23 22:36:44 Error: [MissingActionException] Action UsersController::js() could not be found.
Exception Attributes: array (
  'controller' => 'UsersController',
  'action' => 'js',
)
Request URL: /Advisory/users/js/app.plugin.js
Stack Trace:
#0 /var/www/html/Advisory/Vendor/cakephp/cakephp/lib/Cake/Routing/Dispatcher.php(193): Controller->invokeAction(Object(CakeRequest))
#1 /var/www/html/Advisory/Vendor/cakephp/cakephp/lib/Cake/Routing/Dispatcher.php(167): Dispatcher->_invoke(Object(UsersController), Object(CakeRequest))
#2 /var/www/html/Advisory/webroot/index.php(111): Dispatcher->dispatch(Object(CakeRequest), Object(CakeResponse))
#3 {main}
2018-10-23 22:36:44 Error: [MissingActionException] Action UsersController::js() could not be found.
Exception Attributes: array (
  'controller' => 'UsersController',
  'action' => 'js',
)
Request URL: /Advisory/users/js/slimscroll/jquery.slimscroll.min.js
Stack Trace:
#0 /var/www/html/Advisory/Vendor/cakephp/cakephp/lib/Cake/Routing/Dispatcher.php(193): Controller->invokeAction(Object(CakeRequest))
#1 /var/www/html/Advisory/Vendor/cakephp/cakephp/lib/Cake/Routing/Dispatcher.php(167): Dispatcher->_invoke(Object(UsersController), Object(CakeRequest))
#2 /var/www/html/Advisory/webroot/index.php(111): Dispatcher->dispatch(Object(CakeRequest), Object(CakeResponse))
#3 {main}
2018-10-23 22:37:01 Error: [MissingActionException] Action UsersController::css() could not be found.
Exception Attributes: array (
  'controller' => 'UsersController',
  'action' => 'css',
)
Request URL: /Advisory/users/css/bootstrap.css
Stack Trace:
#0 /var/www/html/Advisory/Vendor/cakephp/cakephp/lib/Cake/Routing/Dispatcher.php(193): Controller->invokeAction(Object(CakeRequest))
#1 /var/www/html/Advisory/Vendor/cakephp/cakephp/lib/Cake/Routing/Dispatcher.php(167): Dispatcher->_invoke(Object(UsersController), Object(CakeRequest))
#2 /var/www/html/Advisory/webroot/index.php(111): Dispatcher->dispatch(Object(CakeRequest), Object(CakeResponse))
#3 {main}
2018-10-23 22:37:01 Error: [MissingActionException] Action UsersController::css() could not be found.
Exception Attributes: array (
  'controller' => 'UsersController',
  'action' => 'css',
)
Request URL: /Advisory/users/css/animate.css
Stack Trace:
#0 /var/www/html/Advisory/Vendor/cakephp/cakephp/lib/Cake/Routing/Dispatcher.php(193): Controller->invokeAction(Object(CakeRequest))
#1 /var/www/html/Advisory/Vendor/cakephp/cakephp/lib/Cake/Routing/Dispatcher.php(167): Dispatcher->_invoke(Object(UsersController), Object(CakeRequest))
#2 /var/www/html/Advisory/webroot/index.php(111): Dispatcher->dispatch(Object(CakeRequest), Object(CakeResponse))
#3 {main}
2018-10-23 22:37:01 Error: [MissingActionException] Action UsersController::css() could not be found.
Exception Attributes: array (
  'controller' => 'UsersController',
  'action' => 'css',
)
Request URL: /Advisory/users/css/app.css
Stack Trace:
#0 /var/www/html/Advisory/Vendor/cakephp/cakephp/lib/Cake/Routing/Dispatcher.php(193): Controller->invokeAction(Object(CakeRequest))
#1 /var/www/html/Advisory/Vendor/cakephp/cakephp/lib/Cake/Routing/Dispatcher.php(167): Dispatcher->_invoke(Object(UsersController), Object(CakeRequest))
#2 /var/www/html/Advisory/webroot/index.php(111): Dispatcher->dispatch(Object(CakeRequest), Object(CakeResponse))
#3 {main}
2018-10-23 22:37:01 Error: [MissingActionException] Action UsersController::js() could not be found.
Exception Attributes: array (
  'controller' => 'UsersController',
  'action' => 'js',
)
Request URL: /Advisory/users/js/jquery.min.js
Stack Trace:
#0 /var/www/html/Advisory/Vendor/cakephp/cakephp/lib/Cake/Routing/Dispatcher.php(193): Controller->invokeAction(Object(CakeRequest))
#1 /var/www/html/Advisory/Vendor/cakephp/cakephp/lib/Cake/Routing/Dispatcher.php(167): Dispatcher->_invoke(Object(UsersController), Object(CakeRequest))
#2 /var/www/html/Advisory/webroot/index.php(111): Dispatcher->dispatch(Object(CakeRequest), Object(CakeResponse))
#3 {main}
2018-10-23 22:37:01 Error: [MissingActionException] Action UsersController::css() could not be found.
Exception Attributes: array (
  'controller' => 'UsersController',
  'action' => 'css',
)
Request URL: /Advisory/users/css/font.css
Stack Trace:
#0 /var/www/html/Advisory/Vendor/cakephp/cakephp/lib/Cake/Routing/Dispatcher.php(193): Controller->invokeAction(Object(CakeRequest))
#1 /var/www/html/Advisory/Vendor/cakephp/cakephp/lib/Cake/Routing/Dispatcher.php(167): Dispatcher->_invoke(Object(UsersController), Object(CakeRequest))
#2 /var/www/html/Advisory/webroot/index.php(111): Dispatcher->dispatch(Object(CakeRequest), Object(CakeResponse))
#3 {main}
2018-10-23 22:37:01 Error: [MissingActionException] Action UsersController::js() could not be found.
Exception Attributes: array (
  'controller' => 'UsersController',
  'action' => 'js',
)
Request URL: /Advisory/users/js/bootstrap.js
Stack Trace:
#0 /var/www/html/Advisory/Vendor/cakephp/cakephp/lib/Cake/Routing/Dispatcher.php(193): Controller->invokeAction(Object(CakeRequest))
#1 /var/www/html/Advisory/Vendor/cakephp/cakephp/lib/Cake/Routing/Dispatcher.php(167): Dispatcher->_invoke(Object(UsersController), Object(CakeRequest))
#2 /var/www/html/Advisory/webroot/index.php(111): Dispatcher->dispatch(Object(CakeRequest), Object(CakeResponse))
#3 {main}
2018-10-23 22:37:02 Error: [MissingActionException] Action UsersController::js() could not be found.
Exception Attributes: array (
  'controller' => 'UsersController',
  'action' => 'js',
)
Request URL: /Advisory/users/js/app.js
Stack Trace:
#0 /var/www/html/Advisory/Vendor/cakephp/cakephp/lib/Cake/Routing/Dispatcher.php(193): Controller->invokeAction(Object(CakeRequest))
#1 /var/www/html/Advisory/Vendor/cakephp/cakephp/lib/Cake/Routing/Dispatcher.php(167): Dispatcher->_invoke(Object(UsersController), Object(CakeRequest))
#2 /var/www/html/Advisory/webroot/index.php(111): Dispatcher->dispatch(Object(CakeRequest), Object(CakeResponse))
#3 {main}
2018-10-23 22:37:02 Error: [MissingActionException] Action UsersController::js() could not be found.
Exception Attributes: array (
  'controller' => 'UsersController',
  'action' => 'js',
)
Request URL: /Advisory/users/js/slimscroll/jquery.slimscroll.min.js
Stack Trace:
#0 /var/www/html/Advisory/Vendor/cakephp/cakephp/lib/Cake/Routing/Dispatcher.php(193): Controller->invokeAction(Object(CakeRequest))
#1 /var/www/html/Advisory/Vendor/cakephp/cakephp/lib/Cake/Routing/Dispatcher.php(167): Dispatcher->_invoke(Object(UsersController), Object(CakeRequest))
#2 /var/www/html/Advisory/webroot/index.php(111): Dispatcher->dispatch(Object(CakeRequest), Object(CakeResponse))
#3 {main}
2018-10-23 22:37:02 Error: [MissingActionException] Action UsersController::js() could not be found.
Exception Attributes: array (
  'controller' => 'UsersController',
  'action' => 'js',
)
Request URL: /Advisory/users/js/app.plugin.js
Stack Trace:
#0 /var/www/html/Advisory/Vendor/cakephp/cakephp/lib/Cake/Routing/Dispatcher.php(193): Controller->invokeAction(Object(CakeRequest))
#1 /var/www/html/Advisory/Vendor/cakephp/cakephp/lib/Cake/Routing/Dispatcher.php(167): Dispatcher->_invoke(Object(UsersController), Object(CakeRequest))
#2 /var/www/html/Advisory/webroot/index.php(111): Dispatcher->dispatch(Object(CakeRequest), Object(CakeResponse))
#3 {main}
2018-10-23 22:37:02 Error: [MissingActionException] Action UsersController::css() could not be found.
Exception Attributes: array (
  'controller' => 'UsersController',
  'action' => 'css',
)
Request URL: /Advisory/users/css/font-awesome.min.css
Stack Trace:
#0 /var/www/html/Advisory/Vendor/cakephp/cakephp/lib/Cake/Routing/Dispatcher.php(193): Controller->invokeAction(Object(CakeRequest))
#1 /var/www/html/Advisory/Vendor/cakephp/cakephp/lib/Cake/Routing/Dispatcher.php(167): Dispatcher->_invoke(Object(UsersController), Object(CakeRequest))
#2 /var/www/html/Advisory/webroot/index.php(111): Dispatcher->dispatch(Object(CakeRequest), Object(CakeResponse))
#3 {main}
2018-10-23 22:37:02 Error: [MissingActionException] Action UsersController::css() could not be found.
Exception Attributes: array (
  'controller' => 'UsersController',
  'action' => 'css',
)
Request URL: /Advisory/users/css/font.css
Stack Trace:
#0 /var/www/html/Advisory/Vendor/cakephp/cakephp/lib/Cake/Routing/Dispatcher.php(193): Controller->invokeAction(Object(CakeRequest))
#1 /var/www/html/Advisory/Vendor/cakephp/cakephp/lib/Cake/Routing/Dispatcher.php(167): Dispatcher->_invoke(Object(UsersController), Object(CakeRequest))
#2 /var/www/html/Advisory/webroot/index.php(111): Dispatcher->dispatch(Object(CakeRequest), Object(CakeResponse))
#3 {main}
2018-10-23 22:37:02 Error: [MissingActionException] Action UsersController::css() could not be found.
Exception Attributes: array (
  'controller' => 'UsersController',
  'action' => 'css',
)
Request URL: /Advisory/users/css/app.css
Stack Trace:
#0 /var/www/html/Advisory/Vendor/cakephp/cakephp/lib/Cake/Routing/Dispatcher.php(193): Controller->invokeAction(Object(CakeRequest))
#1 /var/www/html/Advisory/Vendor/cakephp/cakephp/lib/Cake/Routing/Dispatcher.php(167): Dispatcher->_invoke(Object(UsersController), Object(CakeRequest))
#2 /var/www/html/Advisory/webroot/index.php(111): Dispatcher->dispatch(Object(CakeRequest), Object(CakeResponse))
#3 {main}
2018-10-23 22:37:02 Error: [MissingActionException] Action UsersController::js() could not be found.
Exception Attributes: array (
  'controller' => 'UsersController',
  'action' => 'js',
)
Request URL: /Advisory/users/js/jquery.min.js
Stack Trace:
#0 /var/www/html/Advisory/Vendor/cakephp/cakephp/lib/Cake/Routing/Dispatcher.php(193): Controller->invokeAction(Object(CakeRequest))
#1 /var/www/html/Advisory/Vendor/cakephp/cakephp/lib/Cake/Routing/Dispatcher.php(167): Dispatcher->_invoke(Object(UsersController), Object(CakeRequest))
#2 /var/www/html/Advisory/webroot/index.php(111): Dispatcher->dispatch(Object(CakeRequest), Object(CakeResponse))
#3 {main}
2018-10-23 22:37:02 Error: [MissingActionException] Action UsersController::js() could not be found.
Exception Attributes: array (
  'controller' => 'UsersController',
  'action' => 'js',
)
Request URL: /Advisory/users/js/bootstrap.js
Stack Trace:
#0 /var/www/html/Advisory/Vendor/cakephp/cakephp/lib/Cake/Routing/Dispatcher.php(193): Controller->invokeAction(Object(CakeRequest))
#1 /var/www/html/Advisory/Vendor/cakephp/cakephp/lib/Cake/Routing/Dispatcher.php(167): Dispatcher->_invoke(Object(UsersController), Object(CakeRequest))
#2 /var/www/html/Advisory/webroot/index.php(111): Dispatcher->dispatch(Object(CakeRequest), Object(CakeResponse))
#3 {main}
2018-10-23 22:37:02 Error: [MissingActionException] Action UsersController::js() could not be found.
Exception Attributes: array (
  'controller' => 'UsersController',
  'action' => 'js',
)
Request URL: /Advisory/users/js/app.js
Stack Trace:
#0 /var/www/html/Advisory/Vendor/cakephp/cakephp/lib/Cake/Routing/Dispatcher.php(193): Controller->invokeAction(Object(CakeRequest))
#1 /var/www/html/Advisory/Vendor/cakephp/cakephp/lib/Cake/Routing/Dispatcher.php(167): Dispatcher->_invoke(Object(UsersController), Object(CakeRequest))
#2 /var/www/html/Advisory/webroot/index.php(111): Dispatcher->dispatch(Object(CakeRequest), Object(CakeResponse))
#3 {main}
2018-10-23 22:37:02 Error: [MissingActionException] Action UsersController::js() could not be found.
Exception Attributes: array (
  'controller' => 'UsersController',
  'action' => 'js',
)
Request URL: /Advisory/users/js/app.plugin.js
Stack Trace:
#0 /var/www/html/Advisory/Vendor/cakephp/cakephp/lib/Cake/Routing/Dispatcher.php(193): Controller->invokeAction(Object(CakeRequest))
#1 /var/www/html/Advisory/Vendor/cakephp/cakephp/lib/Cake/Routing/Dispatcher.php(167): Dispatcher->_invoke(Object(UsersController), Object(CakeRequest))
#2 /var/www/html/Advisory/webroot/index.php(111): Dispatcher->dispatch(Object(CakeRequest), Object(CakeResponse))
#3 {main}
2018-10-23 22:37:02 Error: [MissingActionException] Action UsersController::js() could not be found.
Exception Attributes: array (
  'controller' => 'UsersController',
  'action' => 'js',
)
Request URL: /Advisory/users/js/slimscroll/jquery.slimscroll.min.js
Stack Trace:
#0 /var/www/html/Advisory/Vendor/cakephp/cakephp/lib/Cake/Routing/Dispatcher.php(193): Controller->invokeAction(Object(CakeRequest))
#1 /var/www/html/Advisory/Vendor/cakephp/cakephp/lib/Cake/Routing/Dispatcher.php(167): Dispatcher->_invoke(Object(UsersController), Object(CakeRequest))
#2 /var/www/html/Advisory/webroot/index.php(111): Dispatcher->dispatch(Object(CakeRequest), Object(CakeResponse))
#3 {main}
2018-10-23 22:41:17 Error: [MissingActionException] Action ListingsController::login() could not be found.
Exception Attributes: array (
  'controller' => 'ListingsController',
  'action' => 'login',
)
Request URL: /Advisory/listings/login
Stack Trace:
#0 /var/www/html/Advisory/Vendor/cakephp/cakephp/lib/Cake/Routing/Dispatcher.php(193): Controller->invokeAction(Object(CakeRequest))
#1 /var/www/html/Advisory/Vendor/cakephp/cakephp/lib/Cake/Routing/Dispatcher.php(167): Dispatcher->_invoke(Object(ListingsController), Object(CakeRequest))
#2 /var/www/html/Advisory/webroot/index.php(111): Dispatcher->dispatch(Object(CakeRequest), Object(CakeResponse))
#3 {main}
2018-10-23 22:41:32 Error: [MissingActionException] Action UsersController::css() could not be found.
Exception Attributes: array (
  'controller' => 'UsersController',
  'action' => 'css',
)
Request URL: /Advisory/users/css/font.css
Stack Trace:
#0 /var/www/html/Advisory/Vendor/cakephp/cakephp/lib/Cake/Routing/Dispatcher.php(193): Controller->invokeAction(Object(CakeRequest))
#1 /var/www/html/Advisory/Vendor/cakephp/cakephp/lib/Cake/Routing/Dispatcher.php(167): Dispatcher->_invoke(Object(UsersController), Object(CakeRequest))
#2 /var/www/html/Advisory/webroot/index.php(111): Dispatcher->dispatch(Object(CakeRequest), Object(CakeResponse))
#3 {main}
2018-10-23 22:41:32 Error: [MissingActionException] Action UsersController::css() could not be found.
Exception Attributes: array (
  'controller' => 'UsersController',
  'action' => 'css',
)
Request URL: /Advisory/users/css/bootstrap.css
Stack Trace:
#0 /var/www/html/Advisory/Vendor/cakephp/cakephp/lib/Cake/Routing/Dispatcher.php(193): Controller->invokeAction(Object(CakeRequest))
#1 /var/www/html/Advisory/Vendor/cakephp/cakephp/lib/Cake/Routing/Dispatcher.php(167): Dispatcher->_invoke(Object(UsersController), Object(CakeRequest))
#2 /var/www/html/Advisory/webroot/index.php(111): Dispatcher->dispatch(Object(CakeRequest), Object(CakeResponse))
#3 {main}
2018-10-23 22:41:32 Error: [MissingActionException] Action UsersController::css() could not be found.
Exception Attributes: array (
  'controller' => 'UsersController',
  'action' => 'css',
)
Request URL: /Advisory/users/css/font-awesome.min.css
Stack Trace:
#0 /var/www/html/Advisory/Vendor/cakephp/cakephp/lib/Cake/Routing/Dispatcher.php(193): Controller->invokeAction(Object(CakeRequest))
#1 /var/www/html/Advisory/Vendor/cakephp/cakephp/lib/Cake/Routing/Dispatcher.php(167): Dispatcher->_invoke(Object(UsersController), Object(CakeRequest))
#2 /var/www/html/Advisory/webroot/index.php(111): Dispatcher->dispatch(Object(CakeRequest), Object(CakeResponse))
#3 {main}
2018-10-23 22:41:32 Error: [MissingActionException] Action UsersController::css() could not be found.
Exception Attributes: array (
  'controller' => 'UsersController',
  'action' => 'css',
)
Request URL: /Advisory/users/css/animate.css
Stack Trace:
#0 /var/www/html/Advisory/Vendor/cakephp/cakephp/lib/Cake/Routing/Dispatcher.php(193): Controller->invokeAction(Object(CakeRequest))
#1 /var/www/html/Advisory/Vendor/cakephp/cakephp/lib/Cake/Routing/Dispatcher.php(167): Dispatcher->_invoke(Object(UsersController), Object(CakeRequest))
#2 /var/www/html/Advisory/webroot/index.php(111): Dispatcher->dispatch(Object(CakeRequest), Object(CakeResponse))
#3 {main}
2018-10-23 22:41:32 Error: [MissingActionException] Action UsersController::js() could not be found.
Exception Attributes: array (
  'controller' => 'UsersController',
  'action' => 'js',
)
Request URL: /Advisory/users/js/jquery.min.js
Stack Trace:
#0 /var/www/html/Advisory/Vendor/cakephp/cakephp/lib/Cake/Routing/Dispatcher.php(193): Controller->invokeAction(Object(CakeRequest))
#1 /var/www/html/Advisory/Vendor/cakephp/cakephp/lib/Cake/Routing/Dispatcher.php(167): Dispatcher->_invoke(Object(UsersController), Object(CakeRequest))
#2 /var/www/html/Advisory/webroot/index.php(111): Dispatcher->dispatch(Object(CakeRequest), Object(CakeResponse))
#3 {main}
2018-10-23 22:41:32 Error: [MissingActionException] Action UsersController::js() could not be found.
Exception Attributes: array (
  'controller' => 'UsersController',
  'action' => 'js',
)
Request URL: /Advisory/users/js/app.plugin.js
Stack Trace:
#0 /var/www/html/Advisory/Vendor/cakephp/cakephp/lib/Cake/Routing/Dispatcher.php(193): Controller->invokeAction(Object(CakeRequest))
#1 /var/www/html/Advisory/Vendor/cakephp/cakephp/lib/Cake/Routing/Dispatcher.php(167): Dispatcher->_invoke(Object(UsersController), Object(CakeRequest))
#2 /var/www/html/Advisory/webroot/index.php(111): Dispatcher->dispatch(Object(CakeRequest), Object(CakeResponse))
#3 {main}
2018-10-23 22:41:33 Error: [MissingActionException] Action UsersController::css() could not be found.
Exception Attributes: array (
  'controller' => 'UsersController',
  'action' => 'css',
)
Request URL: /Advisory/users/css/app.css
Stack Trace:
#0 /var/www/html/Advisory/Vendor/cakephp/cakephp/lib/Cake/Routing/Dispatcher.php(193): Controller->invokeAction(Object(CakeRequest))
#1 /var/www/html/Advisory/Vendor/cakephp/cakephp/lib/Cake/Routing/Dispatcher.php(167): Dispatcher->_invoke(Object(UsersController), Object(CakeRequest))
#2 /var/www/html/Advisory/webroot/index.php(111): Dispatcher->dispatch(Object(CakeRequest), Object(CakeResponse))
#3 {main}
2018-10-23 22:41:33 Error: [MissingActionException] Action UsersController::js() could not be found.
Exception Attributes: array (
  'controller' => 'UsersController',
  'action' => 'js',
)
Request URL: /Advisory/users/js/bootstrap.js
Stack Trace:
#0 /var/www/html/Advisory/Vendor/cakephp/cakephp/lib/Cake/Routing/Dispatcher.php(193): Controller->invokeAction(Object(CakeRequest))
#1 /var/www/html/Advisory/Vendor/cakephp/cakephp/lib/Cake/Routing/Dispatcher.php(167): Dispatcher->_invoke(Object(UsersController), Object(CakeRequest))
#2 /var/www/html/Advisory/webroot/index.php(111): Dispatcher->dispatch(Object(CakeRequest), Object(CakeResponse))
#3 {main}
2018-10-23 22:41:33 Error: [MissingActionException] Action UsersController::js() could not be found.
Exception Attributes: array (
  'controller' => 'UsersController',
  'action' => 'js',
)
Request URL: /Advisory/users/js/slimscroll/jquery.slimscroll.min.js
Stack Trace:
#0 /var/www/html/Advisory/Vendor/cakephp/cakephp/lib/Cake/Routing/Dispatcher.php(193): Controller->invokeAction(Object(CakeRequest))
#1 /var/www/html/Advisory/Vendor/cakephp/cakephp/lib/Cake/Routing/Dispatcher.php(167): Dispatcher->_invoke(Object(UsersController), Object(CakeRequest))
#2 /var/www/html/Advisory/webroot/index.php(111): Dispatcher->dispatch(Object(CakeRequest), Object(CakeResponse))
#3 {main}
2018-10-23 22:41:33 Error: [MissingActionException] Action UsersController::css() could not be found.
Exception Attributes: array (
  'controller' => 'UsersController',
  'action' => 'css',
)
Request URL: /Advisory/users/css/font-awesome.min.css
Stack Trace:
#0 /var/www/html/Advisory/Vendor/cakephp/cakephp/lib/Cake/Routing/Dispatcher.php(193): Controller->invokeAction(Object(CakeRequest))
#1 /var/www/html/Advisory/Vendor/cakephp/cakephp/lib/Cake/Routing/Dispatcher.php(167): Dispatcher->_invoke(Object(UsersController), Object(CakeRequest))
#2 /var/www/html/Advisory/webroot/index.php(111): Dispatcher->dispatch(Object(CakeRequest), Object(CakeResponse))
#3 {main}
2018-10-23 22:41:33 Error: [MissingActionException] Action UsersController::js() could not be found.
Exception Attributes: array (
  'controller' => 'UsersController',
  'action' => 'js',
)
Request URL: /Advisory/users/js/app.js
Stack Trace:
#0 /var/www/html/Advisory/Vendor/cakephp/cakephp/lib/Cake/Routing/Dispatcher.php(193): Controller->invokeAction(Object(CakeRequest))
#1 /var/www/html/Advisory/Vendor/cakephp/cakephp/lib/Cake/Routing/Dispatcher.php(167): Dispatcher->_invoke(Object(UsersController), Object(CakeRequest))
#2 /var/www/html/Advisory/webroot/index.php(111): Dispatcher->dispatch(Object(CakeRequest), Object(CakeResponse))
#3 {main}
2018-10-23 22:41:33 Error: [MissingActionException] Action UsersController::css() could not be found.
Exception Attributes: array (
  'controller' => 'UsersController',
  'action' => 'css',
)
Request URL: /Advisory/users/css/font.css
Stack Trace:
#0 /var/www/html/Advisory/Vendor/cakephp/cakephp/lib/Cake/Routing/Dispatcher.php(193): Controller->invokeAction(Object(CakeRequest))
#1 /var/www/html/Advisory/Vendor/cakephp/cakephp/lib/Cake/Routing/Dispatcher.php(167): Dispatcher->_invoke(Object(UsersController), Object(CakeRequest))
#2 /var/www/html/Advisory/webroot/index.php(111): Dispatcher->dispatch(Object(CakeRequest), Object(CakeResponse))
#3 {main}
2018-10-23 22:41:33 Error: [MissingActionException] Action UsersController::css() could not be found.
Exception Attributes: array (
  'controller' => 'UsersController',
  'action' => 'css',
)
Request URL: /Advisory/users/css/app.css
Stack Trace:
#0 /var/www/html/Advisory/Vendor/cakephp/cakephp/lib/Cake/Routing/Dispatcher.php(193): Controller->invokeAction(Object(CakeRequest))
#1 /var/www/html/Advisory/Vendor/cakephp/cakephp/lib/Cake/Routing/Dispatcher.php(167): Dispatcher->_invoke(Object(UsersController), Object(CakeRequest))
#2 /var/www/html/Advisory/webroot/index.php(111): Dispatcher->dispatch(Object(CakeRequest), Object(CakeResponse))
#3 {main}
2018-10-23 22:41:33 Error: [MissingActionException] Action UsersController::js() could not be found.
Exception Attributes: array (
  'controller' => 'UsersController',
  'action' => 'js',
)
Request URL: /Advisory/users/js/jquery.min.js
Stack Trace:
#0 /var/www/html/Advisory/Vendor/cakephp/cakephp/lib/Cake/Routing/Dispatcher.php(193): Controller->invokeAction(Object(CakeRequest))
#1 /var/www/html/Advisory/Vendor/cakephp/cakephp/lib/Cake/Routing/Dispatcher.php(167): Dispatcher->_invoke(Object(UsersController), Object(CakeRequest))
#2 /var/www/html/Advisory/webroot/index.php(111): Dispatcher->dispatch(Object(CakeRequest), Object(CakeResponse))
#3 {main}
2018-10-23 22:41:33 Error: [MissingActionException] Action UsersController::js() could not be found.
Exception Attributes: array (
  'controller' => 'UsersController',
  'action' => 'js',
)
Request URL: /Advisory/users/js/bootstrap.js
Stack Trace:
#0 /var/www/html/Advisory/Vendor/cakephp/cakephp/lib/Cake/Routing/Dispatcher.php(193): Controller->invokeAction(Object(CakeRequest))
#1 /var/www/html/Advisory/Vendor/cakephp/cakephp/lib/Cake/Routing/Dispatcher.php(167): Dispatcher->_invoke(Object(UsersController), Object(CakeRequest))
#2 /var/www/html/Advisory/webroot/index.php(111): Dispatcher->dispatch(Object(CakeRequest), Object(CakeResponse))
#3 {main}
2018-10-23 22:41:33 Error: [MissingActionException] Action UsersController::js() could not be found.
Exception Attributes: array (
  'controller' => 'UsersController',
  'action' => 'js',
)
Request URL: /Advisory/users/js/app.js
Stack Trace:
#0 /var/www/html/Advisory/Vendor/cakephp/cakephp/lib/Cake/Routing/Dispatcher.php(193): Controller->invokeAction(Object(CakeRequest))
#1 /var/www/html/Advisory/Vendor/cakephp/cakephp/lib/Cake/Routing/Dispatcher.php(167): Dispatcher->_invoke(Object(UsersController), Object(CakeRequest))
#2 /var/www/html/Advisory/webroot/index.php(111): Dispatcher->dispatch(Object(CakeRequest), Object(CakeResponse))
#3 {main}
2018-10-23 22:41:33 Error: [MissingActionException] Action UsersController::js() could not be found.
Exception Attributes: array (
  'controller' => 'UsersController',
  'action' => 'js',
)
Request URL: /Advisory/users/js/app.plugin.js
Stack Trace:
#0 /var/www/html/Advisory/Vendor/cakephp/cakephp/lib/Cake/Routing/Dispatcher.php(193): Controller->invokeAction(Object(CakeRequest))
#1 /var/www/html/Advisory/Vendor/cakephp/cakephp/lib/Cake/Routing/Dispatcher.php(167): Dispatcher->_invoke(Object(UsersController), Object(CakeRequest))
#2 /var/www/html/Advisory/webroot/index.php(111): Dispatcher->dispatch(Object(CakeRequest), Object(CakeResponse))
#3 {main}
2018-10-23 22:41:33 Error: [MissingActionException] Action UsersController::js() could not be found.
Exception Attributes: array (
  'controller' => 'UsersController',
  'action' => 'js',
)
Request URL: /Advisory/users/js/slimscroll/jquery.slimscroll.min.js
Stack Trace:
#0 /var/www/html/Advisory/Vendor/cakephp/cakephp/lib/Cake/Routing/Dispatcher.php(193): Controller->invokeAction(Object(CakeRequest))
#1 /var/www/html/Advisory/Vendor/cakephp/cakephp/lib/Cake/Routing/Dispatcher.php(167): Dispatcher->_invoke(Object(UsersController), Object(CakeRequest))
#2 /var/www/html/Advisory/webroot/index.php(111): Dispatcher->dispatch(Object(CakeRequest), Object(CakeResponse))
#3 {main}
2018-10-23 22:41:38 Error: [MissingActionException] Action UsersController::signup.html() could not be found.
Exception Attributes: array (
  'controller' => 'UsersController',
  'action' => 'signup.html',
)
Request URL: /Advisory/users/signup.html
Stack Trace:
#0 /var/www/html/Advisory/Vendor/cakephp/cakephp/lib/Cake/Routing/Dispatcher.php(193): Controller->invokeAction(Object(CakeRequest))
#1 /var/www/html/Advisory/Vendor/cakephp/cakephp/lib/Cake/Routing/Dispatcher.php(167): Dispatcher->_invoke(Object(UsersController), Object(CakeRequest))
#2 /var/www/html/Advisory/webroot/index.php(111): Dispatcher->dispatch(Object(CakeRequest), Object(CakeResponse))
#3 {main}
2018-10-23 22:41:43 Error: [MissingActionException] Action UsersController::css() could not be found.
Exception Attributes: array (
  'controller' => 'UsersController',
  'action' => 'css',
)
Request URL: /Advisory/users/css/bootstrap.css
Stack Trace:
#0 /var/www/html/Advisory/Vendor/cakephp/cakephp/lib/Cake/Routing/Dispatcher.php(193): Controller->invokeAction(Object(CakeRequest))
#1 /var/www/html/Advisory/Vendor/cakephp/cakephp/lib/Cake/Routing/Dispatcher.php(167): Dispatcher->_invoke(Object(UsersController), Object(CakeRequest))
#2 /var/www/html/Advisory/webroot/index.php(111): Dispatcher->dispatch(Object(CakeRequest), Object(CakeResponse))
#3 {main}
2018-10-23 22:41:43 Error: [MissingActionException] Action UsersController::css() could not be found.
Exception Attributes: array (
  'controller' => 'UsersController',
  'action' => 'css',
)
Request URL: /Advisory/users/css/animate.css
Stack Trace:
#0 /var/www/html/Advisory/Vendor/cakephp/cakephp/lib/Cake/Routing/Dispatcher.php(193): Controller->invokeAction(Object(CakeRequest))
#1 /var/www/html/Advisory/Vendor/cakephp/cakephp/lib/Cake/Routing/Dispatcher.php(167): Dispatcher->_invoke(Object(UsersController), Object(CakeRequest))
#2 /var/www/html/Advisory/webroot/index.php(111): Dispatcher->dispatch(Object(CakeRequest), Object(CakeResponse))
#3 {main}
2018-10-23 22:41:43 Error: [MissingActionException] Action UsersController::js() could not be found.
Exception Attributes: array (
  'controller' => 'UsersController',
  'action' => 'js',
)
Request URL: /Advisory/users/js/jquery.min.js
Stack Trace:
#0 /var/www/html/Advisory/Vendor/cakephp/cakephp/lib/Cake/Routing/Dispatcher.php(193): Controller->invokeAction(Object(CakeRequest))
#1 /var/www/html/Advisory/Vendor/cakephp/cakephp/lib/Cake/Routing/Dispatcher.php(167): Dispatcher->_invoke(Object(UsersController), Object(CakeRequest))
#2 /var/www/html/Advisory/webroot/index.php(111): Dispatcher->dispatch(Object(CakeRequest), Object(CakeResponse))
#3 {main}
2018-10-23 22:41:43 Error: [MissingActionException] Action UsersController::css() could not be found.
Exception Attributes: array (
  'controller' => 'UsersController',
  'action' => 'css',
)
Request URL: /Advisory/users/css/bootstrap.css
Stack Trace:
#0 /var/www/html/Advisory/Vendor/cakephp/cakephp/lib/Cake/Routing/Dispatcher.php(193): Controller->invokeAction(Object(CakeRequest))
#1 /var/www/html/Advisory/Vendor/cakephp/cakephp/lib/Cake/Routing/Dispatcher.php(167): Dispatcher->_invoke(Object(UsersController), Object(CakeRequest))
#2 /var/www/html/Advisory/webroot/index.php(111): Dispatcher->dispatch(Object(CakeRequest), Object(CakeResponse))
#3 {main}
2018-10-23 22:41:43 Error: [MissingActionException] Action UsersController::css() could not be found.
Exception Attributes: array (
  'controller' => 'UsersController',
  'action' => 'css',
)
Request URL: /Advisory/users/css/font.css
Stack Trace:
#0 /var/www/html/Advisory/Vendor/cakephp/cakephp/lib/Cake/Routing/Dispatcher.php(193): Controller->invokeAction(Object(CakeRequest))
#1 /var/www/html/Advisory/Vendor/cakephp/cakephp/lib/Cake/Routing/Dispatcher.php(167): Dispatcher->_invoke(Object(UsersController), Object(CakeRequest))
#2 /var/www/html/Advisory/webroot/index.php(111): Dispatcher->dispatch(Object(CakeRequest), Object(CakeResponse))
#3 {main}
2018-10-23 22:41:43 Error: [MissingActionException] Action UsersController::js() could not be found.
Exception Attributes: array (
  'controller' => 'UsersController',
  'action' => 'js',
)
Request URL: /Advisory/users/js/app.js
Stack Trace:
#0 /var/www/html/Advisory/Vendor/cakephp/cakephp/lib/Cake/Routing/Dispatcher.php(193): Controller->invokeAction(Object(CakeRequest))
#1 /var/www/html/Advisory/Vendor/cakephp/cakephp/lib/Cake/Routing/Dispatcher.php(167): Dispatcher->_invoke(Object(UsersController), Object(CakeRequest))
#2 /var/www/html/Advisory/webroot/index.php(111): Dispatcher->dispatch(Object(CakeRequest), Object(CakeResponse))
#3 {main}
2018-10-23 22:41:43 Error: [MissingActionException] Action UsersController::css() could not be found.
Exception Attributes: array (
  'controller' => 'UsersController',
  'action' => 'css',
)
Request URL: /Advisory/users/css/font-awesome.min.css
Stack Trace:
#0 /var/www/html/Advisory/Vendor/cakephp/cakephp/lib/Cake/Routing/Dispatcher.php(193): Controller->invokeAction(Object(CakeRequest))
#1 /var/www/html/Advisory/Vendor/cakephp/cakephp/lib/Cake/Routing/Dispatcher.php(167): Dispatcher->_invoke(Object(UsersController), Object(CakeRequest))
#2 /var/www/html/Advisory/webroot/index.php(111): Dispatcher->dispatch(Object(CakeRequest), Object(CakeResponse))
#3 {main}
2018-10-23 22:41:43 Error: [MissingActionException] Action UsersController::css() could not be found.
Exception Attributes: array (
  'controller' => 'UsersController',
  'action' => 'css',
)
Request URL: /Advisory/users/css/app.css
Stack Trace:
#0 /var/www/html/Advisory/Vendor/cakephp/cakephp/lib/Cake/Routing/Dispatcher.php(193): Controller->invokeAction(Object(CakeRequest))
#1 /var/www/html/Advisory/Vendor/cakephp/cakephp/lib/Cake/Routing/Dispatcher.php(167): Dispatcher->_invoke(Object(UsersController), Object(CakeRequest))
#2 /var/www/html/Advisory/webroot/index.php(111): Dispatcher->dispatch(Object(CakeRequest), Object(CakeResponse))
#3 {main}
2018-10-23 22:41:43 Error: [MissingActionException] Action UsersController::css() could not be found.
Exception Attributes: array (
  'controller' => 'UsersController',
  'action' => 'css',
)
Request URL: /Advisory/users/css/animate.css
Stack Trace:
#0 /var/www/html/Advisory/Vendor/cakephp/cakephp/lib/Cake/Routing/Dispatcher.php(193): Controller->invokeAction(Object(CakeRequest))
#1 /var/www/html/Advisory/Vendor/cakephp/cakephp/lib/Cake/Routing/Dispatcher.php(167): Dispatcher->_invoke(Object(UsersController), Object(CakeRequest))
#2 /var/www/html/Advisory/webroot/index.php(111): Dispatcher->dispatch(Object(CakeRequest), Object(CakeResponse))
#3 {main}
2018-10-23 22:41:43 Error: [MissingActionException] Action UsersController::js() could not be found.
Exception Attributes: array (
  'controller' => 'UsersController',
  'action' => 'js',
)
Request URL: /Advisory/users/js/app.plugin.js
Stack Trace:
#0 /var/www/html/Advisory/Vendor/cakephp/cakephp/lib/Cake/Routing/Dispatcher.php(193): Controller->invokeAction(Object(CakeRequest))
#1 /var/www/html/Advisory/Vendor/cakephp/cakephp/lib/Cake/Routing/Dispatcher.php(167): Dispatcher->_invoke(Object(UsersController), Object(CakeRequest))
#2 /var/www/html/Advisory/webroot/index.php(111): Dispatcher->dispatch(Object(CakeRequest), Object(CakeResponse))
#3 {main}
2018-10-23 22:41:43 Error: [MissingActionException] Action UsersController::css() could not be found.
Exception Attributes: array (
  'controller' => 'UsersController',
  'action' => 'css',
)
Request URL: /Advisory/users/css/font-awesome.min.css
Stack Trace:
#0 /var/www/html/Advisory/Vendor/cakephp/cakephp/lib/Cake/Routing/Dispatcher.php(193): Controller->invokeAction(Object(CakeRequest))
#1 /var/www/html/Advisory/Vendor/cakephp/cakephp/lib/Cake/Routing/Dispatcher.php(167): Dispatcher->_invoke(Object(UsersController), Object(CakeRequest))
#2 /var/www/html/Advisory/webroot/index.php(111): Dispatcher->dispatch(Object(CakeRequest), Object(CakeResponse))
#3 {main}
2018-10-23 22:41:43 Error: [MissingActionException] Action UsersController::js() could not be found.
Exception Attributes: array (
  'controller' => 'UsersController',
  'action' => 'js',
)
Request URL: /Advisory/users/js/bootstrap.js
Stack Trace:
#0 /var/www/html/Advisory/Vendor/cakephp/cakephp/lib/Cake/Routing/Dispatcher.php(193): Controller->invokeAction(Object(CakeRequest))
#1 /var/www/html/Advisory/Vendor/cakephp/cakephp/lib/Cake/Routing/Dispatcher.php(167): Dispatcher->_invoke(Object(UsersController), Object(CakeRequest))
#2 /var/www/html/Advisory/webroot/index.php(111): Dispatcher->dispatch(Object(CakeRequest), Object(CakeResponse))
#3 {main}
2018-10-23 22:41:43 Error: [MissingActionException] Action UsersController::css() could not be found.
Exception Attributes: array (
  'controller' => 'UsersController',
  'action' => 'css',
)
Request URL: /Advisory/users/css/font.css
Stack Trace:
#0 /var/www/html/Advisory/Vendor/cakephp/cakephp/lib/Cake/Routing/Dispatcher.php(193): Controller->invokeAction(Object(CakeRequest))
#1 /var/www/html/Advisory/Vendor/cakephp/cakephp/lib/Cake/Routing/Dispatcher.php(167): Dispatcher->_invoke(Object(UsersController), Object(CakeRequest))
#2 /var/www/html/Advisory/webroot/index.php(111): Dispatcher->dispatch(Object(CakeRequest), Object(CakeResponse))
#3 {main}
2018-10-23 22:41:43 Error: [MissingActionException] Action UsersController::js() could not be found.
Exception Attributes: array (
  'controller' => 'UsersController',
  'action' => 'js',
)
Request URL: /Advisory/users/js/slimscroll/jquery.slimscroll.min.js
Stack Trace:
#0 /var/www/html/Advisory/Vendor/cakephp/cakephp/lib/Cake/Routing/Dispatcher.php(193): Controller->invokeAction(Object(CakeRequest))
#1 /var/www/html/Advisory/Vendor/cakephp/cakephp/lib/Cake/Routing/Dispatcher.php(167): Dispatcher->_invoke(Object(UsersController), Object(CakeRequest))
#2 /var/www/html/Advisory/webroot/index.php(111): Dispatcher->dispatch(Object(CakeRequest), Object(CakeResponse))
#3 {main}
2018-10-23 22:41:43 Error: [MissingActionException] Action UsersController::css() could not be found.
Exception Attributes: array (
  'controller' => 'UsersController',
  'action' => 'css',
)
Request URL: /Advisory/users/css/app.css
Stack Trace:
#0 /var/www/html/Advisory/Vendor/cakephp/cakephp/lib/Cake/Routing/Dispatcher.php(193): Controller->invokeAction(Object(CakeRequest))
#1 /var/www/html/Advisory/Vendor/cakephp/cakephp/lib/Cake/Routing/Dispatcher.php(167): Dispatcher->_invoke(Object(UsersController), Object(CakeRequest))
#2 /var/www/html/Advisory/webroot/index.php(111): Dispatcher->dispatch(Object(CakeRequest), Object(CakeResponse))
#3 {main}
2018-10-23 22:41:43 Error: [MissingActionException] Action UsersController::js() could not be found.
Exception Attributes: array (
  'controller' => 'UsersController',
  'action' => 'js',
)
Request URL: /Advisory/users/js/jquery.min.js
Stack Trace:
#0 /var/www/html/Advisory/Vendor/cakephp/cakephp/lib/Cake/Routing/Dispatcher.php(193): Controller->invokeAction(Object(CakeRequest))
#1 /var/www/html/Advisory/Vendor/cakephp/cakephp/lib/Cake/Routing/Dispatcher.php(167): Dispatcher->_invoke(Object(UsersController), Object(CakeRequest))
#2 /var/www/html/Advisory/webroot/index.php(111): Dispatcher->dispatch(Object(CakeRequest), Object(CakeResponse))
#3 {main}
2018-10-23 22:41:44 Error: [MissingActionException] Action UsersController::js() could not be found.
Exception Attributes: array (
  'controller' => 'UsersController',
  'action' => 'js',
)
Request URL: /Advisory/users/js/bootstrap.js
Stack Trace:
#0 /var/www/html/Advisory/Vendor/cakephp/cakephp/lib/Cake/Routing/Dispatcher.php(193): Controller->invokeAction(Object(CakeRequest))
#1 /var/www/html/Advisory/Vendor/cakephp/cakephp/lib/Cake/Routing/Dispatcher.php(167): Dispatcher->_invoke(Object(UsersController), Object(CakeRequest))
#2 /var/www/html/Advisory/webroot/index.php(111): Dispatcher->dispatch(Object(CakeRequest), Object(CakeResponse))
#3 {main}
2018-10-23 22:41:44 Error: [MissingActionException] Action UsersController::js() could not be found.
Exception Attributes: array (
  'controller' => 'UsersController',
  'action' => 'js',
)
Request URL: /Advisory/users/js/app.js
Stack Trace:
#0 /var/www/html/Advisory/Vendor/cakephp/cakephp/lib/Cake/Routing/Dispatcher.php(193): Controller->invokeAction(Object(CakeRequest))
#1 /var/www/html/Advisory/Vendor/cakephp/cakephp/lib/Cake/Routing/Dispatcher.php(167): Dispatcher->_invoke(Object(UsersController), Object(CakeRequest))
#2 /var/www/html/Advisory/webroot/index.php(111): Dispatcher->dispatch(Object(CakeRequest), Object(CakeResponse))
#3 {main}
2018-10-23 22:41:44 Error: [MissingActionException] Action UsersController::js() could not be found.
Exception Attributes: array (
  'controller' => 'UsersController',
  'action' => 'js',
)
Request URL: /Advisory/users/js/app.plugin.js
Stack Trace:
#0 /var/www/html/Advisory/Vendor/cakephp/cakephp/lib/Cake/Routing/Dispatcher.php(193): Controller->invokeAction(Object(CakeRequest))
#1 /var/www/html/Advisory/Vendor/cakephp/cakephp/lib/Cake/Routing/Dispatcher.php(167): Dispatcher->_invoke(Object(UsersController), Object(CakeRequest))
#2 /var/www/html/Advisory/webroot/index.php(111): Dispatcher->dispatch(Object(CakeRequest), Object(CakeResponse))
#3 {main}
2018-10-23 22:41:44 Error: [MissingActionException] Action UsersController::js() could not be found.
Exception Attributes: array (
  'controller' => 'UsersController',
  'action' => 'js',
)
Request URL: /Advisory/users/js/slimscroll/jquery.slimscroll.min.js
Stack Trace:
#0 /var/www/html/Advisory/Vendor/cakephp/cakephp/lib/Cake/Routing/Dispatcher.php(193): Controller->invokeAction(Object(CakeRequest))
#1 /var/www/html/Advisory/Vendor/cakephp/cakephp/lib/Cake/Routing/Dispatcher.php(167): Dispatcher->_invoke(Object(UsersController), Object(CakeRequest))
#2 /var/www/html/Advisory/webroot/index.php(111): Dispatcher->dispatch(Object(CakeRequest), Object(CakeResponse))
#3 {main}
2018-10-23 22:52:28 Error: [MissingActionException] Action UsersController::css() could not be found.
Exception Attributes: array (
  'controller' => 'UsersController',
  'action' => 'css',
)
Request URL: /Advisory/users/css/animate.css
Stack Trace:
#0 /var/www/html/Advisory/Vendor/cakephp/cakephp/lib/Cake/Routing/Dispatcher.php(193): Controller->invokeAction(Object(CakeRequest))
#1 /var/www/html/Advisory/Vendor/cakephp/cakephp/lib/Cake/Routing/Dispatcher.php(167): Dispatcher->_invoke(Object(UsersController), Object(CakeRequest))
#2 /var/www/html/Advisory/webroot/index.php(111): Dispatcher->dispatch(Object(CakeRequest), Object(CakeResponse))
#3 {main}
2018-10-23 22:52:28 Error: [MissingActionException] Action UsersController::css() could not be found.
Exception Attributes: array (
  'controller' => 'UsersController',
  'action' => 'css',
)
Request URL: /Advisory/users/css/bootstrap.css
Stack Trace:
#0 /var/www/html/Advisory/Vendor/cakephp/cakephp/lib/Cake/Routing/Dispatcher.php(193): Controller->invokeAction(Object(CakeRequest))
#1 /var/www/html/Advisory/Vendor/cakephp/cakephp/lib/Cake/Routing/Dispatcher.php(167): Dispatcher->_invoke(Object(UsersController), Object(CakeRequest))
#2 /var/www/html/Advisory/webroot/index.php(111): Dispatcher->dispatch(Object(CakeRequest), Object(CakeResponse))
#3 {main}
2018-10-23 22:52:29 Error: [MissingActionException] Action UsersController::css() could not be found.
Exception Attributes: array (
  'controller' => 'UsersController',
  'action' => 'css',
)
Request URL: /Advisory/users/css/font.css
Stack Trace:
#0 /var/www/html/Advisory/Vendor/cakephp/cakephp/lib/Cake/Routing/Dispatcher.php(193): Controller->invokeAction(Object(CakeRequest))
#1 /var/www/html/Advisory/Vendor/cakephp/cakephp/lib/Cake/Routing/Dispatcher.php(167): Dispatcher->_invoke(Object(UsersController), Object(CakeRequest))
#2 /var/www/html/Advisory/webroot/index.php(111): Dispatcher->dispatch(Object(CakeRequest), Object(CakeResponse))
#3 {main}
2018-10-23 22:52:29 Error: [MissingActionException] Action UsersController::css() could not be found.
Exception Attributes: array (
  'controller' => 'UsersController',
  'action' => 'css',
)
Request URL: /Advisory/users/css/app.css
Stack Trace:
#0 /var/www/html/Advisory/Vendor/cakephp/cakephp/lib/Cake/Routing/Dispatcher.php(193): Controller->invokeAction(Object(CakeRequest))
#1 /var/www/html/Advisory/Vendor/cakephp/cakephp/lib/Cake/Routing/Dispatcher.php(167): Dispatcher->_invoke(Object(UsersController), Object(CakeRequest))
#2 /var/www/html/Advisory/webroot/index.php(111): Dispatcher->dispatch(Object(CakeRequest), Object(CakeResponse))
#3 {main}
2018-10-23 22:52:29 Error: [MissingActionException] Action UsersController::css() could not be found.
Exception Attributes: array (
  'controller' => 'UsersController',
  'action' => 'css',
)
Request URL: /Advisory/users/css/font-awesome.min.css
Stack Trace:
#0 /var/www/html/Advisory/Vendor/cakephp/cakephp/lib/Cake/Routing/Dispatcher.php(193): Controller->invokeAction(Object(CakeRequest))
#1 /var/www/html/Advisory/Vendor/cakephp/cakephp/lib/Cake/Routing/Dispatcher.php(167): Dispatcher->_invoke(Object(UsersController), Object(CakeRequest))
#2 /var/www/html/Advisory/webroot/index.php(111): Dispatcher->dispatch(Object(CakeRequest), Object(CakeResponse))
#3 {main}
2018-10-23 22:52:29 Error: [MissingActionException] Action UsersController::js() could not be found.
Exception Attributes: array (
  'controller' => 'UsersController',
  'action' => 'js',
)
Request URL: /Advisory/users/js/bootstrap.js
Stack Trace:
#0 /var/www/html/Advisory/Vendor/cakephp/cakephp/lib/Cake/Routing/Dispatcher.php(193): Controller->invokeAction(Object(CakeRequest))
#1 /var/www/html/Advisory/Vendor/cakephp/cakephp/lib/Cake/Routing/Dispatcher.php(167): Dispatcher->_invoke(Object(UsersController), Object(CakeRequest))
#2 /var/www/html/Advisory/webroot/index.php(111): Dispatcher->dispatch(Object(CakeRequest), Object(CakeResponse))
#3 {main}
2018-10-23 22:52:29 Error: [MissingActionException] Action UsersController::js() could not be found.
Exception Attributes: array (
  'controller' => 'UsersController',
  'action' => 'js',
)
Request URL: /Advisory/users/js/jquery.min.js
Stack Trace:
#0 /var/www/html/Advisory/Vendor/cakephp/cakephp/lib/Cake/Routing/Dispatcher.php(193): Controller->invokeAction(Object(CakeRequest))
#1 /var/www/html/Advisory/Vendor/cakephp/cakephp/lib/Cake/Routing/Dispatcher.php(167): Dispatcher->_invoke(Object(UsersController), Object(CakeRequest))
#2 /var/www/html/Advisory/webroot/index.php(111): Dispatcher->dispatch(Object(CakeRequest), Object(CakeResponse))
#3 {main}
2018-10-23 22:52:29 Error: [MissingActionException] Action UsersController::js() could not be found.
Exception Attributes: array (
  'controller' => 'UsersController',
  'action' => 'js',
)
Request URL: /Advisory/users/js/app.plugin.js
Stack Trace:
#0 /var/www/html/Advisory/Vendor/cakephp/cakephp/lib/Cake/Routing/Dispatcher.php(193): Controller->invokeAction(Object(CakeRequest))
#1 /var/www/html/Advisory/Vendor/cakephp/cakephp/lib/Cake/Routing/Dispatcher.php(167): Dispatcher->_invoke(Object(UsersController), Object(CakeRequest))
#2 /var/www/html/Advisory/webroot/index.php(111): Dispatcher->dispatch(Object(CakeRequest), Object(CakeResponse))
#3 {main}
2018-10-23 22:52:29 Error: [MissingActionException] Action UsersController::js() could not be found.
Exception Attributes: array (
  'controller' => 'UsersController',
  'action' => 'js',
)
Request URL: /Advisory/users/js/app.js
Stack Trace:
#0 /var/www/html/Advisory/Vendor/cakephp/cakephp/lib/Cake/Routing/Dispatcher.php(193): Controller->invokeAction(Object(CakeRequest))
#1 /var/www/html/Advisory/Vendor/cakephp/cakephp/lib/Cake/Routing/Dispatcher.php(167): Dispatcher->_invoke(Object(UsersController), Object(CakeRequest))
#2 /var/www/html/Advisory/webroot/index.php(111): Dispatcher->dispatch(Object(CakeRequest), Object(CakeResponse))
#3 {main}
2018-10-23 22:52:29 Error: [MissingActionException] Action UsersController::js() could not be found.
Exception Attributes: array (
  'controller' => 'UsersController',
  'action' => 'js',
)
Request URL: /Advisory/users/js/slimscroll/jquery.slimscroll.min.js
Stack Trace:
#0 /var/www/html/Advisory/Vendor/cakephp/cakephp/lib/Cake/Routing/Dispatcher.php(193): Controller->invokeAction(Object(CakeRequest))
#1 /var/www/html/Advisory/Vendor/cakephp/cakephp/lib/Cake/Routing/Dispatcher.php(167): Dispatcher->_invoke(Object(UsersController), Object(CakeRequest))
#2 /var/www/html/Advisory/webroot/index.php(111): Dispatcher->dispatch(Object(CakeRequest), Object(CakeResponse))
#3 {main}
2018-10-23 22:52:29 Error: [MissingActionException] Action UsersController::css() could not be found.
Exception Attributes: array (
  'controller' => 'UsersController',
  'action' => 'css',
)
Request URL: /Advisory/users/css/animate.css
Stack Trace:
#0 /var/www/html/Advisory/Vendor/cakephp/cakephp/lib/Cake/Routing/Dispatcher.php(193): Controller->invokeAction(Object(CakeRequest))
#1 /var/www/html/Advisory/Vendor/cakephp/cakephp/lib/Cake/Routing/Dispatcher.php(167): Dispatcher->_invoke(Object(UsersController), Object(CakeRequest))
#2 /var/www/html/Advisory/webroot/index.php(111): Dispatcher->dispatch(Object(CakeRequest), Object(CakeResponse))
#3 {main}
2018-10-23 22:52:29 Error: [MissingActionException] Action UsersController::css() could not be found.
Exception Attributes: array (
  'controller' => 'UsersController',
  'action' => 'css',
)
Request URL: /Advisory/users/css/font-awesome.min.css
Stack Trace:
#0 /var/www/html/Advisory/Vendor/cakephp/cakephp/lib/Cake/Routing/Dispatcher.php(193): Controller->invokeAction(Object(CakeRequest))
#1 /var/www/html/Advisory/Vendor/cakephp/cakephp/lib/Cake/Routing/Dispatcher.php(167): Dispatcher->_invoke(Object(UsersController), Object(CakeRequest))
#2 /var/www/html/Advisory/webroot/index.php(111): Dispatcher->dispatch(Object(CakeRequest), Object(CakeResponse))
#3 {main}
2018-10-23 22:52:29 Error: [MissingActionException] Action UsersController::css() could not be found.
Exception Attributes: array (
  'controller' => 'UsersController',
  'action' => 'css',
)
Request URL: /Advisory/users/css/font.css
Stack Trace:
#0 /var/www/html/Advisory/Vendor/cakephp/cakephp/lib/Cake/Routing/Dispatcher.php(193): Controller->invokeAction(Object(CakeRequest))
#1 /var/www/html/Advisory/Vendor/cakephp/cakephp/lib/Cake/Routing/Dispatcher.php(167): Dispatcher->_invoke(Object(UsersController), Object(CakeRequest))
#2 /var/www/html/Advisory/webroot/index.php(111): Dispatcher->dispatch(Object(CakeRequest), Object(CakeResponse))
#3 {main}
2018-10-23 22:52:29 Error: [MissingActionException] Action UsersController::css() could not be found.
Exception Attributes: array (
  'controller' => 'UsersController',
  'action' => 'css',
)
Request URL: /Advisory/users/css/app.css
Stack Trace:
#0 /var/www/html/Advisory/Vendor/cakephp/cakephp/lib/Cake/Routing/Dispatcher.php(193): Controller->invokeAction(Object(CakeRequest))
#1 /var/www/html/Advisory/Vendor/cakephp/cakephp/lib/Cake/Routing/Dispatcher.php(167): Dispatcher->_invoke(Object(UsersController), Object(CakeRequest))
#2 /var/www/html/Advisory/webroot/index.php(111): Dispatcher->dispatch(Object(CakeRequest), Object(CakeResponse))
#3 {main}
2018-10-23 22:52:29 Error: [MissingActionException] Action UsersController::js() could not be found.
Exception Attributes: array (
  'controller' => 'UsersController',
  'action' => 'js',
)
Request URL: /Advisory/users/js/jquery.min.js
Stack Trace:
#0 /var/www/html/Advisory/Vendor/cakephp/cakephp/lib/Cake/Routing/Dispatcher.php(193): Controller->invokeAction(Object(CakeRequest))
#1 /var/www/html/Advisory/Vendor/cakephp/cakephp/lib/Cake/Routing/Dispatcher.php(167): Dispatcher->_invoke(Object(UsersController), Object(CakeRequest))
#2 /var/www/html/Advisory/webroot/index.php(111): Dispatcher->dispatch(Object(CakeRequest), Object(CakeResponse))
#3 {main}
2018-10-23 22:52:29 Error: [MissingActionException] Action UsersController::js() could not be found.
Exception Attributes: array (
  'controller' => 'UsersController',
  'action' => 'js',
)
Request URL: /Advisory/users/js/bootstrap.js
Stack Trace:
#0 /var/www/html/Advisory/Vendor/cakephp/cakephp/lib/Cake/Routing/Dispatcher.php(193): Controller->invokeAction(Object(CakeRequest))
#1 /var/www/html/Advisory/Vendor/cakephp/cakephp/lib/Cake/Routing/Dispatcher.php(167): Dispatcher->_invoke(Object(UsersController), Object(CakeRequest))
#2 /var/www/html/Advisory/webroot/index.php(111): Dispatcher->dispatch(Object(CakeRequest), Object(CakeResponse))
#3 {main}
2018-10-23 22:52:29 Error: [MissingActionException] Action UsersController::js() could not be found.
Exception Attributes: array (
  'controller' => 'UsersController',
  'action' => 'js',
)
Request URL: /Advisory/users/js/app.js
Stack Trace:
#0 /var/www/html/Advisory/Vendor/cakephp/cakephp/lib/Cake/Routing/Dispatcher.php(193): Controller->invokeAction(Object(CakeRequest))
#1 /var/www/html/Advisory/Vendor/cakephp/cakephp/lib/Cake/Routing/Dispatcher.php(167): Dispatcher->_invoke(Object(UsersController), Object(CakeRequest))
#2 /var/www/html/Advisory/webroot/index.php(111): Dispatcher->dispatch(Object(CakeRequest), Object(CakeResponse))
#3 {main}
2018-10-23 22:52:29 Error: [MissingActionException] Action UsersController::js() could not be found.
Exception Attributes: array (
  'controller' => 'UsersController',
  'action' => 'js',
)
Request URL: /Advisory/users/js/app.plugin.js
Stack Trace:
#0 /var/www/html/Advisory/Vendor/cakephp/cakephp/lib/Cake/Routing/Dispatcher.php(193): Controller->invokeAction(Object(CakeRequest))
#1 /var/www/html/Advisory/Vendor/cakephp/cakephp/lib/Cake/Routing/Dispatcher.php(167): Dispatcher->_invoke(Object(UsersController), Object(CakeRequest))
#2 /var/www/html/Advisory/webroot/index.php(111): Dispatcher->dispatch(Object(CakeRequest), Object(CakeResponse))
#3 {main}
2018-10-23 22:52:29 Error: [MissingActionException] Action UsersController::js() could not be found.
Exception Attributes: array (
  'controller' => 'UsersController',
  'action' => 'js',
)
Request URL: /Advisory/users/js/slimscroll/jquery.slimscroll.min.js
Stack Trace:
#0 /var/www/html/Advisory/Vendor/cakephp/cakephp/lib/Cake/Routing/Dispatcher.php(193): Controller->invokeAction(Object(CakeRequest))
#1 /var/www/html/Advisory/Vendor/cakephp/cakephp/lib/Cake/Routing/Dispatcher.php(167): Dispatcher->_invoke(Object(UsersController), Object(CakeRequest))
#2 /var/www/html/Advisory/webroot/index.php(111): Dispatcher->dispatch(Object(CakeRequest), Object(CakeResponse))
#3 {main}
